<html>
<head>
<title>TestNG:  Imap Test Cases</title>
<link href="../testng.css" rel="stylesheet" type="text/css" />
<link href="../my-testng.css" rel="stylesheet" type="text/css" />

<style type="text/css">
.log { display: none;} 
.stack-trace { display: none;} 
</style>
<script type="text/javascript">
<!--
function flip(e) {
  current = e.style.display;
  if (current == 'block') {
    e.style.display = 'none';
    return 0;
  }
  else {
    e.style.display = 'block';
    return 1;
  }
}

function toggleBox(szDivId, elem, msg1, msg2)
{
  var res = -1;  if (document.getElementById) {
    res = flip(document.getElementById(szDivId));
  }
  else if (document.all) {
    // this is the way old msie versions work
    res = flip(document.all[szDivId]);
  }
  if(elem) {
    if(res == 0) elem.innerHTML = msg1; else elem.innerHTML = msg2;
  }

}

function toggleAllBoxes() {
  if (document.getElementsByTagName) {
    d = document.getElementsByTagName('div');
    for (i = 0; i < d.length; i++) {
      if (d[i].className == 'log') {
        flip(d[i]);
      }
    }
  }
}

// -->
</script>

</head>
<body>
<h2 align='center'>Imap Test Cases</h2><table border='1' align="center">
<tr>
<td>Tests passed/Failed/Skipped:</td><td>37/6/1</td>
</tr><tr>
<td>Started on:</td><td>Tue Jul 02 01:56:27 IST 2019</td>
</tr>
<tr><td>Total time:</td><td>50 seconds (50900 ms)</td>
</tr><tr>
<td>Included groups:</td><td></td>
</tr><tr>
<td>Excluded groups:</td><td></td>
</tr>
</table><p/>
<small><i>(Hover the method name to see the test class name)</i></small><p/>
<table width='100%' border='1' class='invocation-failed'>
<tr><td colspan='4' align='center'><b>FAILED TESTS</b></td></tr>
<tr><td><b>Test method</b></td>
<td width="30%"><b>Exception</b></td>
<td width="10%"><b>Time (seconds)</b></td>
<td><b>Instance</b></td>
</tr>
<tr>
<td title='com.ImapTesting.testcases.TC_CompressorConfiguration.Verify_CoefficientUnitIP_FixedSpeedCompressor()'><b>Verify_CoefficientUnitIP_FixedSpeedCompressor</b><br>Test class: com.ImapTesting.testcases.TC_CompressorConfiguration</td>
<td><div><pre>java.lang.AssertionError: The units are not matched : expected [Mass Flow(lbm/hr)] but found []
	at com.ImapTesting.pages.CompressorConfig_Page.CheckcoefficientUnit_FixedSpeed_IP(CompressorConfig_Page.java:534)
	at com.ImapTesting.testcases.TC_CompressorConfiguration.Verify_CoefficientUnitIP_FixedSpeedCompressor(TC_CompressorConfiguration.java:447)
... Removed 30 stack frames</pre></div><a href='#' onClick='toggleBox("stack-trace2022767609", this, "Click to show all stack frames", "Click to hide stack frames")'>Click to show all stack frames</a>
<div class='stack-trace' id='stack-trace2022767609'><pre>java.lang.AssertionError: The units are not matched : expected [Mass Flow(lbm/hr)] but found []
	at org.testng.Assert.fail(Assert.java:96)
	at org.testng.Assert.failNotEquals(Assert.java:776)
	at org.testng.Assert.assertEqualsImpl(Assert.java:137)
	at org.testng.Assert.assertEquals(Assert.java:118)
	at org.testng.Assert.assertEquals(Assert.java:453)
	at com.ImapTesting.pages.CompressorConfig_Page.CheckcoefficientUnit_FixedSpeed_IP(CompressorConfig_Page.java:534)
	at com.ImapTesting.testcases.TC_CompressorConfiguration.Verify_CoefficientUnitIP_FixedSpeedCompressor(TC_CompressorConfiguration.java:447)
	at sun.reflect.NativeMethodAccessorImpl.invoke0(Native Method)
	at sun.reflect.NativeMethodAccessorImpl.invoke(Unknown Source)
	at sun.reflect.DelegatingMethodAccessorImpl.invoke(Unknown Source)
	at java.lang.reflect.Method.invoke(Unknown Source)
	at org.testng.internal.MethodInvocationHelper.invokeMethod(MethodInvocationHelper.java:124)
	at org.testng.internal.Invoker.invokeMethod(Invoker.java:580)
	at org.testng.internal.Invoker.invokeTestMethod(Invoker.java:716)
	at org.testng.internal.Invoker.invokeTestMethods(Invoker.java:988)
	at org.testng.internal.TestMethodWorker.invokeTestMethods(TestMethodWorker.java:125)
	at org.testng.internal.TestMethodWorker.run(TestMethodWorker.java:109)
	at org.testng.TestRunner.privateRun(TestRunner.java:648)
	at org.testng.TestRunner.run(TestRunner.java:505)
	at org.testng.SuiteRunner.runTest(SuiteRunner.java:455)
	at org.testng.SuiteRunner.runSequentially(SuiteRunner.java:450)
	at org.testng.SuiteRunner.privateRun(SuiteRunner.java:415)
	at org.testng.SuiteRunner.run(SuiteRunner.java:364)
	at org.testng.SuiteRunnerWorker.runSuite(SuiteRunnerWorker.java:52)
	at org.testng.SuiteRunnerWorker.run(SuiteRunnerWorker.java:84)
	at org.testng.TestNG.runSuitesSequentially(TestNG.java:1208)
	at org.testng.TestNG.runSuitesLocally(TestNG.java:1137)
	at org.testng.TestNG.runSuites(TestNG.java:1049)
	at org.testng.TestNG.run(TestNG.java:1017)
	at org.testng.remote.AbstractRemoteTestNG.run(AbstractRemoteTestNG.java:114)
	at org.testng.remote.RemoteTestNG.initAndRun(RemoteTestNG.java:251)
	at org.testng.remote.RemoteTestNG.main(RemoteTestNG.java:77)
</pre></div></td>
<td>0</td>
<td>com.ImapTesting.testcases.TC_CompressorConfiguration@80503</td></tr>
<tr>
<td title='com.ImapTesting.testcases.TC_CompressorConfiguration.Verify_LabelCost()'><b>Verify_LabelCost</b><br>Test class: com.ImapTesting.testcases.TC_CompressorConfiguration<br/>
<a href="#Output-1638556416" onClick='toggleBox("Output-1638556416", this, "Show output", "Hide output");'>Show output</a>

<a href="#Output-1638556416" onClick="toggleAllBoxes();">Show all outputs</a>
<div class='log' id="Output-1638556416">
The value of the field is  :<br/>
</div>
</td>
<td><div><pre>java.lang.AssertionError: expected [$] but found []
	at com.ImapTesting.testcases.TC_CompressorConfiguration.Verify_LabelCost(TC_CompressorConfiguration.java:402)
... Removed 31 stack frames</pre></div><a href='#' onClick='toggleBox("stack-trace1638556416", this, "Click to show all stack frames", "Click to hide stack frames")'>Click to show all stack frames</a>
<div class='stack-trace' id='stack-trace1638556416'><pre>java.lang.AssertionError: expected [$] but found []
	at org.testng.Assert.fail(Assert.java:96)
	at org.testng.Assert.failNotEquals(Assert.java:776)
	at org.testng.Assert.assertEqualsImpl(Assert.java:137)
	at org.testng.Assert.assertEquals(Assert.java:118)
	at org.testng.Assert.assertEquals(Assert.java:453)
	at org.testng.Assert.assertEquals(Assert.java:463)
	at com.ImapTesting.testcases.TC_CompressorConfiguration.Verify_LabelCost(TC_CompressorConfiguration.java:402)
	at sun.reflect.NativeMethodAccessorImpl.invoke0(Native Method)
	at sun.reflect.NativeMethodAccessorImpl.invoke(Unknown Source)
	at sun.reflect.DelegatingMethodAccessorImpl.invoke(Unknown Source)
	at java.lang.reflect.Method.invoke(Unknown Source)
	at org.testng.internal.MethodInvocationHelper.invokeMethod(MethodInvocationHelper.java:124)
	at org.testng.internal.Invoker.invokeMethod(Invoker.java:580)
	at org.testng.internal.Invoker.invokeTestMethod(Invoker.java:716)
	at org.testng.internal.Invoker.invokeTestMethods(Invoker.java:988)
	at org.testng.internal.TestMethodWorker.invokeTestMethods(TestMethodWorker.java:125)
	at org.testng.internal.TestMethodWorker.run(TestMethodWorker.java:109)
	at org.testng.TestRunner.privateRun(TestRunner.java:648)
	at org.testng.TestRunner.run(TestRunner.java:505)
	at org.testng.SuiteRunner.runTest(SuiteRunner.java:455)
	at org.testng.SuiteRunner.runSequentially(SuiteRunner.java:450)
	at org.testng.SuiteRunner.privateRun(SuiteRunner.java:415)
	at org.testng.SuiteRunner.run(SuiteRunner.java:364)
	at org.testng.SuiteRunnerWorker.runSuite(SuiteRunnerWorker.java:52)
	at org.testng.SuiteRunnerWorker.run(SuiteRunnerWorker.java:84)
	at org.testng.TestNG.runSuitesSequentially(TestNG.java:1208)
	at org.testng.TestNG.runSuitesLocally(TestNG.java:1137)
	at org.testng.TestNG.runSuites(TestNG.java:1049)
	at org.testng.TestNG.run(TestNG.java:1017)
	at org.testng.remote.AbstractRemoteTestNG.run(AbstractRemoteTestNG.java:114)
	at org.testng.remote.RemoteTestNG.initAndRun(RemoteTestNG.java:251)
	at org.testng.remote.RemoteTestNG.main(RemoteTestNG.java:77)
</pre></div></td>
<td>0</td>
<td>com.ImapTesting.testcases.TC_CompressorConfiguration@80503</td></tr>
<tr>
<td title='com.ImapTesting.testcases.TC_CompressorConfiguration.Verify_LabelFrequency()'><b>Verify_LabelFrequency</b><br>Test class: com.ImapTesting.testcases.TC_CompressorConfiguration<br/>
<a href="#Output-1802857058" onClick='toggleBox("Output-1802857058", this, "Show output", "Hide output");'>Show output</a>

<a href="#Output-1802857058" onClick="toggleAllBoxes();">Show all outputs</a>
<div class='log' id="Output-1802857058">
The value of the field is  :<br/>
</div>
</td>
<td><div><pre>java.lang.AssertionError: expected [Hz] but found []
	at com.ImapTesting.testcases.TC_CompressorConfiguration.Verify_LabelFrequency(TC_CompressorConfiguration.java:420)
... Removed 31 stack frames</pre></div><a href='#' onClick='toggleBox("stack-trace1802857058", this, "Click to show all stack frames", "Click to hide stack frames")'>Click to show all stack frames</a>
<div class='stack-trace' id='stack-trace1802857058'><pre>java.lang.AssertionError: expected [Hz] but found []
	at org.testng.Assert.fail(Assert.java:96)
	at org.testng.Assert.failNotEquals(Assert.java:776)
	at org.testng.Assert.assertEqualsImpl(Assert.java:137)
	at org.testng.Assert.assertEquals(Assert.java:118)
	at org.testng.Assert.assertEquals(Assert.java:453)
	at org.testng.Assert.assertEquals(Assert.java:463)
	at com.ImapTesting.testcases.TC_CompressorConfiguration.Verify_LabelFrequency(TC_CompressorConfiguration.java:420)
	at sun.reflect.NativeMethodAccessorImpl.invoke0(Native Method)
	at sun.reflect.NativeMethodAccessorImpl.invoke(Unknown Source)
	at sun.reflect.DelegatingMethodAccessorImpl.invoke(Unknown Source)
	at java.lang.reflect.Method.invoke(Unknown Source)
	at org.testng.internal.MethodInvocationHelper.invokeMethod(MethodInvocationHelper.java:124)
	at org.testng.internal.Invoker.invokeMethod(Invoker.java:580)
	at org.testng.internal.Invoker.invokeTestMethod(Invoker.java:716)
	at org.testng.internal.Invoker.invokeTestMethods(Invoker.java:988)
	at org.testng.internal.TestMethodWorker.invokeTestMethods(TestMethodWorker.java:125)
	at org.testng.internal.TestMethodWorker.run(TestMethodWorker.java:109)
	at org.testng.TestRunner.privateRun(TestRunner.java:648)
	at org.testng.TestRunner.run(TestRunner.java:505)
	at org.testng.SuiteRunner.runTest(SuiteRunner.java:455)
	at org.testng.SuiteRunner.runSequentially(SuiteRunner.java:450)
	at org.testng.SuiteRunner.privateRun(SuiteRunner.java:415)
	at org.testng.SuiteRunner.run(SuiteRunner.java:364)
	at org.testng.SuiteRunnerWorker.runSuite(SuiteRunnerWorker.java:52)
	at org.testng.SuiteRunnerWorker.run(SuiteRunnerWorker.java:84)
	at org.testng.TestNG.runSuitesSequentially(TestNG.java:1208)
	at org.testng.TestNG.runSuitesLocally(TestNG.java:1137)
	at org.testng.TestNG.runSuites(TestNG.java:1049)
	at org.testng.TestNG.run(TestNG.java:1017)
	at org.testng.remote.AbstractRemoteTestNG.run(AbstractRemoteTestNG.java:114)
	at org.testng.remote.RemoteTestNG.initAndRun(RemoteTestNG.java:251)
	at org.testng.remote.RemoteTestNG.main(RemoteTestNG.java:77)
</pre></div></td>
<td>0</td>
<td>com.ImapTesting.testcases.TC_CompressorConfiguration@80503</td></tr>
<tr>
<td title='com.ImapTesting.testcases.TC_CompressorConfiguration.Verify_SatSucTemp()'><b>Verify_SatSucTemp</b><br>Test class: com.ImapTesting.testcases.TC_CompressorConfiguration<br/>
<a href="#Output-1852212002" onClick='toggleBox("Output-1852212002", this, "Show output", "Hide output");'>Show output</a>

<a href="#Output-1852212002" onClick="toggleAllBoxes();">Show all outputs</a>
<div class='log' id="Output-1852212002">
The Default value of field is :10<br/>
</div>
</td>
<td><div><pre>java.lang.AssertionError: When the user setting is IP the  Default value of Saturation Suction Temp is 50 expected [50] but found [10]
	at com.ImapTesting.testcases.TC_CompressorConfiguration.Verify_SatSucTemp(TC_CompressorConfiguration.java:321)
... Removed 30 stack frames</pre></div><a href='#' onClick='toggleBox("stack-trace1852212002", this, "Click to show all stack frames", "Click to hide stack frames")'>Click to show all stack frames</a>
<div class='stack-trace' id='stack-trace1852212002'><pre>java.lang.AssertionError: When the user setting is IP the  Default value of Saturation Suction Temp is 50 expected [50] but found [10]
	at org.testng.Assert.fail(Assert.java:96)
	at org.testng.Assert.failNotEquals(Assert.java:776)
	at org.testng.Assert.assertEqualsImpl(Assert.java:137)
	at org.testng.Assert.assertEquals(Assert.java:118)
	at org.testng.Assert.assertEquals(Assert.java:453)
	at com.ImapTesting.testcases.TC_CompressorConfiguration.Verify_SatSucTemp(TC_CompressorConfiguration.java:321)
	at sun.reflect.NativeMethodAccessorImpl.invoke0(Native Method)
	at sun.reflect.NativeMethodAccessorImpl.invoke(Unknown Source)
	at sun.reflect.DelegatingMethodAccessorImpl.invoke(Unknown Source)
	at java.lang.reflect.Method.invoke(Unknown Source)
	at org.testng.internal.MethodInvocationHelper.invokeMethod(MethodInvocationHelper.java:124)
	at org.testng.internal.Invoker.invokeMethod(Invoker.java:580)
	at org.testng.internal.Invoker.invokeTestMethod(Invoker.java:716)
	at org.testng.internal.Invoker.invokeTestMethods(Invoker.java:988)
	at org.testng.internal.TestMethodWorker.invokeTestMethods(TestMethodWorker.java:125)
	at org.testng.internal.TestMethodWorker.run(TestMethodWorker.java:109)
	at org.testng.TestRunner.privateRun(TestRunner.java:648)
	at org.testng.TestRunner.run(TestRunner.java:505)
	at org.testng.SuiteRunner.runTest(SuiteRunner.java:455)
	at org.testng.SuiteRunner.runSequentially(SuiteRunner.java:450)
	at org.testng.SuiteRunner.privateRun(SuiteRunner.java:415)
	at org.testng.SuiteRunner.run(SuiteRunner.java:364)
	at org.testng.SuiteRunnerWorker.runSuite(SuiteRunnerWorker.java:52)
	at org.testng.SuiteRunnerWorker.run(SuiteRunnerWorker.java:84)
	at org.testng.TestNG.runSuitesSequentially(TestNG.java:1208)
	at org.testng.TestNG.runSuitesLocally(TestNG.java:1137)
	at org.testng.TestNG.runSuites(TestNG.java:1049)
	at org.testng.TestNG.run(TestNG.java:1017)
	at org.testng.remote.AbstractRemoteTestNG.run(AbstractRemoteTestNG.java:114)
	at org.testng.remote.RemoteTestNG.initAndRun(RemoteTestNG.java:251)
	at org.testng.remote.RemoteTestNG.main(RemoteTestNG.java:77)
</pre></div></td>
<td>0</td>
<td>com.ImapTesting.testcases.TC_CompressorConfiguration@80503</td></tr>
<tr>
<td title='com.ImapTesting.testcases.TC_CompressorConfiguration.Verify_Units_UserSpecifiedParameters()'><b>Verify_Units_UserSpecifiedParameters</b><br>Test class: com.ImapTesting.testcases.TC_CompressorConfiguration</td>
<td><div><pre>java.lang.AssertionError: The units of the user specified parameter are not correct expected [°F] but found []
	at com.ImapTesting.pages.CompressorConfig_Page.Check_UserSpecifiedParameter_Unit_IP(CompressorConfig_Page.java:389)
	at com.ImapTesting.testcases.TC_CompressorConfiguration.Verify_Units_UserSpecifiedParameters(TC_CompressorConfiguration.java:428)
... Removed 30 stack frames</pre></div><a href='#' onClick='toggleBox("stack-trace1359730810", this, "Click to show all stack frames", "Click to hide stack frames")'>Click to show all stack frames</a>
<div class='stack-trace' id='stack-trace1359730810'><pre>java.lang.AssertionError: The units of the user specified parameter are not correct expected [°F] but found []
	at org.testng.Assert.fail(Assert.java:96)
	at org.testng.Assert.failNotEquals(Assert.java:776)
	at org.testng.Assert.assertEqualsImpl(Assert.java:137)
	at org.testng.Assert.assertEquals(Assert.java:118)
	at org.testng.Assert.assertEquals(Assert.java:453)
	at com.ImapTesting.pages.CompressorConfig_Page.Check_UserSpecifiedParameter_Unit_IP(CompressorConfig_Page.java:389)
	at com.ImapTesting.testcases.TC_CompressorConfiguration.Verify_Units_UserSpecifiedParameters(TC_CompressorConfiguration.java:428)
	at sun.reflect.NativeMethodAccessorImpl.invoke0(Native Method)
	at sun.reflect.NativeMethodAccessorImpl.invoke(Unknown Source)
	at sun.reflect.DelegatingMethodAccessorImpl.invoke(Unknown Source)
	at java.lang.reflect.Method.invoke(Unknown Source)
	at org.testng.internal.MethodInvocationHelper.invokeMethod(MethodInvocationHelper.java:124)
	at org.testng.internal.Invoker.invokeMethod(Invoker.java:580)
	at org.testng.internal.Invoker.invokeTestMethod(Invoker.java:716)
	at org.testng.internal.Invoker.invokeTestMethods(Invoker.java:988)
	at org.testng.internal.TestMethodWorker.invokeTestMethods(TestMethodWorker.java:125)
	at org.testng.internal.TestMethodWorker.run(TestMethodWorker.java:109)
	at org.testng.TestRunner.privateRun(TestRunner.java:648)
	at org.testng.TestRunner.run(TestRunner.java:505)
	at org.testng.SuiteRunner.runTest(SuiteRunner.java:455)
	at org.testng.SuiteRunner.runSequentially(SuiteRunner.java:450)
	at org.testng.SuiteRunner.privateRun(SuiteRunner.java:415)
	at org.testng.SuiteRunner.run(SuiteRunner.java:364)
	at org.testng.SuiteRunnerWorker.runSuite(SuiteRunnerWorker.java:52)
	at org.testng.SuiteRunnerWorker.run(SuiteRunnerWorker.java:84)
	at org.testng.TestNG.runSuitesSequentially(TestNG.java:1208)
	at org.testng.TestNG.runSuitesLocally(TestNG.java:1137)
	at org.testng.TestNG.runSuites(TestNG.java:1049)
	at org.testng.TestNG.run(TestNG.java:1017)
	at org.testng.remote.AbstractRemoteTestNG.run(AbstractRemoteTestNG.java:114)
	at org.testng.remote.RemoteTestNG.initAndRun(RemoteTestNG.java:251)
	at org.testng.remote.RemoteTestNG.main(RemoteTestNG.java:77)
</pre></div></td>
<td>0</td>
<td>com.ImapTesting.testcases.TC_CompressorConfiguration@80503</td></tr>
<tr>
<td title='com.ImapTesting.testcases.TC_CompressorConfiguration.Verify_Usersetting_SI()'><b>Verify_Usersetting_SI</b><br>Test class: com.ImapTesting.testcases.TC_CompressorConfiguration</td>
<td><div><pre>org.openqa.selenium.WebDriverException: unknown error: Element &lt;a data-toggle=&quot;dropdown&quot; data-hover=&quot;dropdown&quot; class=&quot;dropdown-toggle&quot; data-close-others=&quot;true&quot; href=&quot;&quot; ng-click=&quot;UserSetting()&quot;&gt;...&lt;/a&gt; is not clickable at point (1254, 25). Other element would receive the click: &lt;div class=&quot;ngdialog-overlay&quot;&gt;&lt;/div&gt;
  (Session info: chrome=72.0.3626.121)
  (Driver info: chromedriver=2.40.565498 (ea082db3280dd6843ebfb08a625e3eb905c4f5ab),platform=Windows NT 6.1.7601 SP1 x86_64) (WARNING: The server did not provide any stacktrace information)
Command duration or timeout: 0 milliseconds
Build info: version: &apos;3.12.0&apos;, revision: &apos;7c6e0b3&apos;, time: &apos;2018-05-08T14:04:26.12Z&apos;
System info: host: &apos;M3106868&apos;, ip: &apos;10.114.32.63&apos;, os.name: &apos;Windows 7&apos;, os.arch: &apos;amd64&apos;, os.version: &apos;6.1&apos;, java.version: &apos;1.8.0_121&apos;
Driver info: org.openqa.selenium.chrome.ChromeDriver
Capabilities {acceptInsecureCerts: false, acceptSslCerts: false, applicationCacheEnabled: false, browserConnectionEnabled: false, browserName: chrome, chrome: {chromedriverVersion: 2.40.565498 (ea082db3280dd6..., userDataDir: C:\Users\ckhobra\AppData\Lo...}, cssSelectorsEnabled: true, databaseEnabled: false, handlesAlerts: true, hasTouchScreen: false, javascriptEnabled: true, locationContextEnabled: true, mobileEmulationEnabled: false, nativeEvents: true, networkConnectionEnabled: false, pageLoadStrategy: normal, platform: XP, platformName: XP, rotatable: false, setWindowRect: true, takesHeapSnapshot: true, takesScreenshot: true, unexpectedAlertBehaviour: , unhandledPromptBehavior: , version: 72.0.3626.121, webStorageEnabled: true}
Session ID: 95e96e69b15f3ef33dbaa3081785a38b
	at org.openqa.selenium.remote.ErrorHandler.createThrowable(ErrorHandler.java:214)
	at org.openqa.selenium.remote.ErrorHandler.throwIfResponseFailed(ErrorHandler.java:166)
	at org.openqa.selenium.remote.http.JsonHttpResponseCodec.reconstructValue(JsonHttpResponseCodec.java:40)
	at org.openqa.selenium.remote.http.AbstractHttpResponseCodec.decode(AbstractHttpResponseCodec.java:80)
	at org.openqa.selenium.remote.http.AbstractHttpResponseCodec.decode(AbstractHttpResponseCodec.java:44)
	at org.openqa.selenium.remote.HttpCommandExecutor.execute(HttpCommandExecutor.java:158)
	at org.openqa.selenium.remote.service.DriverCommandExecutor.execute(DriverCommandExecutor.java:83)
	at org.openqa.selenium.remote.RemoteWebDriver.execute(RemoteWebDriver.java:543)
	at org.openqa.selenium.remote.RemoteWebElement.execute(RemoteWebElement.java:276)
	at org.openqa.selenium.remote.RemoteWebElement.click(RemoteWebElement.java:83)
	at org.openqa.selenium.support.pagefactory.internal.LocatingElementHandler.invoke(LocatingElementHandler.java:51)
	at com.sun.proxy.$Proxy11.click(Unknown Source)
	at com.ImapTesting.commonfunction.Web_Link.SelectUsersetting_SI(Web_Link.java:426)
	at com.ImapTesting.testcases.TC_CompressorConfiguration.Verify_Usersetting_SI(TC_CompressorConfiguration.java:474)
... Removed 33 stack frames</pre></div><a href='#' onClick='toggleBox("stack-trace1520808879", this, "Click to show all stack frames", "Click to hide stack frames")'>Click to show all stack frames</a>
<div class='stack-trace' id='stack-trace1520808879'><pre>org.openqa.selenium.WebDriverException: unknown error: Element &lt;a data-toggle=&quot;dropdown&quot; data-hover=&quot;dropdown&quot; class=&quot;dropdown-toggle&quot; data-close-others=&quot;true&quot; href=&quot;&quot; ng-click=&quot;UserSetting()&quot;&gt;...&lt;/a&gt; is not clickable at point (1254, 25). Other element would receive the click: &lt;div class=&quot;ngdialog-overlay&quot;&gt;&lt;/div&gt;
  (Session info: chrome=72.0.3626.121)
  (Driver info: chromedriver=2.40.565498 (ea082db3280dd6843ebfb08a625e3eb905c4f5ab),platform=Windows NT 6.1.7601 SP1 x86_64) (WARNING: The server did not provide any stacktrace information)
Command duration or timeout: 0 milliseconds
Build info: version: &apos;3.12.0&apos;, revision: &apos;7c6e0b3&apos;, time: &apos;2018-05-08T14:04:26.12Z&apos;
System info: host: &apos;M3106868&apos;, ip: &apos;10.114.32.63&apos;, os.name: &apos;Windows 7&apos;, os.arch: &apos;amd64&apos;, os.version: &apos;6.1&apos;, java.version: &apos;1.8.0_121&apos;
Driver info: org.openqa.selenium.chrome.ChromeDriver
Capabilities {acceptInsecureCerts: false, acceptSslCerts: false, applicationCacheEnabled: false, browserConnectionEnabled: false, browserName: chrome, chrome: {chromedriverVersion: 2.40.565498 (ea082db3280dd6..., userDataDir: C:\Users\ckhobra\AppData\Lo...}, cssSelectorsEnabled: true, databaseEnabled: false, handlesAlerts: true, hasTouchScreen: false, javascriptEnabled: true, locationContextEnabled: true, mobileEmulationEnabled: false, nativeEvents: true, networkConnectionEnabled: false, pageLoadStrategy: normal, platform: XP, platformName: XP, rotatable: false, setWindowRect: true, takesHeapSnapshot: true, takesScreenshot: true, unexpectedAlertBehaviour: , unhandledPromptBehavior: , version: 72.0.3626.121, webStorageEnabled: true}
Session ID: 95e96e69b15f3ef33dbaa3081785a38b
	at sun.reflect.NativeConstructorAccessorImpl.newInstance0(Native Method)
	at sun.reflect.NativeConstructorAccessorImpl.newInstance(Unknown Source)
	at sun.reflect.DelegatingConstructorAccessorImpl.newInstance(Unknown Source)
	at java.lang.reflect.Constructor.newInstance(Unknown Source)
	at org.openqa.selenium.remote.ErrorHandler.createThrowable(ErrorHandler.java:214)
	at org.openqa.selenium.remote.ErrorHandler.throwIfResponseFailed(ErrorHandler.java:166)
	at org.openqa.selenium.remote.http.JsonHttpResponseCodec.reconstructValue(JsonHttpResponseCodec.java:40)
	at org.openqa.selenium.remote.http.AbstractHttpResponseCodec.decode(AbstractHttpResponseCodec.java:80)
	at org.openqa.selenium.remote.http.AbstractHttpResponseCodec.decode(AbstractHttpResponseCodec.java:44)
	at org.openqa.selenium.remote.HttpCommandExecutor.execute(HttpCommandExecutor.java:158)
	at org.openqa.selenium.remote.service.DriverCommandExecutor.execute(DriverCommandExecutor.java:83)
	at org.openqa.selenium.remote.RemoteWebDriver.execute(RemoteWebDriver.java:543)
	at org.openqa.selenium.remote.RemoteWebElement.execute(RemoteWebElement.java:276)
	at org.openqa.selenium.remote.RemoteWebElement.click(RemoteWebElement.java:83)
	at sun.reflect.NativeMethodAccessorImpl.invoke0(Native Method)
	at sun.reflect.NativeMethodAccessorImpl.invoke(Unknown Source)
	at sun.reflect.DelegatingMethodAccessorImpl.invoke(Unknown Source)
	at java.lang.reflect.Method.invoke(Unknown Source)
	at org.openqa.selenium.support.pagefactory.internal.LocatingElementHandler.invoke(LocatingElementHandler.java:51)
	at com.sun.proxy.$Proxy11.click(Unknown Source)
	at com.ImapTesting.commonfunction.Web_Link.SelectUsersetting_SI(Web_Link.java:426)
	at com.ImapTesting.testcases.TC_CompressorConfiguration.Verify_Usersetting_SI(TC_CompressorConfiguration.java:474)
	at sun.reflect.NativeMethodAccessorImpl.invoke0(Native Method)
	at sun.reflect.NativeMethodAccessorImpl.invoke(Unknown Source)
	at sun.reflect.DelegatingMethodAccessorImpl.invoke(Unknown Source)
	at java.lang.reflect.Method.invoke(Unknown Source)
	at org.testng.internal.MethodInvocationHelper.invokeMethod(MethodInvocationHelper.java:124)
	at org.testng.internal.Invoker.invokeMethod(Invoker.java:580)
	at org.testng.internal.Invoker.invokeTestMethod(Invoker.java:716)
	at org.testng.internal.Invoker.invokeTestMethods(Invoker.java:988)
	at org.testng.internal.TestMethodWorker.invokeTestMethods(TestMethodWorker.java:125)
	at org.testng.internal.TestMethodWorker.run(TestMethodWorker.java:109)
	at org.testng.TestRunner.privateRun(TestRunner.java:648)
	at org.testng.TestRunner.run(TestRunner.java:505)
	at org.testng.SuiteRunner.runTest(SuiteRunner.java:455)
	at org.testng.SuiteRunner.runSequentially(SuiteRunner.java:450)
	at org.testng.SuiteRunner.privateRun(SuiteRunner.java:415)
	at org.testng.SuiteRunner.run(SuiteRunner.java:364)
	at org.testng.SuiteRunnerWorker.runSuite(SuiteRunnerWorker.java:52)
	at org.testng.SuiteRunnerWorker.run(SuiteRunnerWorker.java:84)
	at org.testng.TestNG.runSuitesSequentially(TestNG.java:1208)
	at org.testng.TestNG.runSuitesLocally(TestNG.java:1137)
	at org.testng.TestNG.runSuites(TestNG.java:1049)
	at org.testng.TestNG.run(TestNG.java:1017)
	at org.testng.remote.AbstractRemoteTestNG.run(AbstractRemoteTestNG.java:114)
	at org.testng.remote.RemoteTestNG.initAndRun(RemoteTestNG.java:251)
	at org.testng.remote.RemoteTestNG.main(RemoteTestNG.java:77)
</pre></div></td>
<td>0</td>
<td>com.ImapTesting.testcases.TC_CompressorConfiguration@80503</td></tr>
</table><p>
<table width='100%' border='1' class='invocation-passed'>
<tr><td colspan='4' align='center'><b>PASSED TESTS</b></td></tr>
<tr><td><b>Test method</b></td>
<td width="30%"><b>Exception</b></td>
<td width="10%"><b>Time (seconds)</b></td>
<td><b>Instance</b></td>
</tr>
<tr>
<td title='com.ImapTesting.testcases.TC_CompressorConfiguration.Successfulllogin()'><b>Successfulllogin</b><br>Test class: com.ImapTesting.testcases.TC_CompressorConfiguration<br>Test method: Verifying login to imap</td>
<td></td>
<td>1</td>
<td>com.ImapTesting.testcases.TC_CompressorConfiguration@80503</td></tr>
<tr>
<td title='com.ImapTesting.testcases.TC_CompressorConfiguration.VerifyCost_SI()'><b>VerifyCost_SI</b><br>Test class: com.ImapTesting.testcases.TC_CompressorConfiguration<br/>
<a href="#Output-87865777" onClick='toggleBox("Output-87865777", this, "Show output", "Hide output");'>Show output</a>

<a href="#Output-87865777" onClick="toggleAllBoxes();">Show all outputs</a>
<div class='log' id="Output-87865777">
The Default value of field is :0<br/>
The value of the field is  :$<br/>
</div>
</td>
<td></td>
<td>0</td>
<td>com.ImapTesting.testcases.TC_CompressorConfiguration@80503</td></tr>
<tr>
<td title='com.ImapTesting.testcases.TC_CompressorConfiguration.VerifyFrequency_SI()'><b>VerifyFrequency_SI</b><br>Test class: com.ImapTesting.testcases.TC_CompressorConfiguration<br/>
<a href="#Output-637283215" onClick='toggleBox("Output-637283215", this, "Show output", "Hide output");'>Show output</a>

<a href="#Output-637283215" onClick="toggleAllBoxes();">Show all outputs</a>
<div class='log' id="Output-637283215">
The Default value of field is :60<br/>
The value of the field is  :Hz<br/>
</div>
</td>
<td></td>
<td>0</td>
<td>com.ImapTesting.testcases.TC_CompressorConfiguration@80503</td></tr>
<tr>
<td title='com.ImapTesting.testcases.TC_CompressorConfiguration.VerifyUserSpecifiedParameter_SI()'><b>VerifyUserSpecifiedParameter_SI</b><br>Test class: com.ImapTesting.testcases.TC_CompressorConfiguration</td>
<td></td>
<td>0</td>
<td>com.ImapTesting.testcases.TC_CompressorConfiguration@80503</td></tr>
<tr>
<td title='com.ImapTesting.testcases.TC_CompressorConfiguration.VerifyVoltage_SI()'><b>VerifyVoltage_SI</b><br>Test class: com.ImapTesting.testcases.TC_CompressorConfiguration<br/>
<a href="#Output-1501618847" onClick='toggleBox("Output-1501618847", this, "Show output", "Hide output");'>Show output</a>

<a href="#Output-1501618847" onClick="toggleAllBoxes();">Show all outputs</a>
<div class='log' id="Output-1501618847">
The Default value of field is :230<br/>
</div>
</td>
<td></td>
<td>0</td>
<td>com.ImapTesting.testcases.TC_CompressorConfiguration@80503</td></tr>
<tr>
<td title='com.ImapTesting.testcases.TC_CompressorConfiguration.Verify_AddCompDrop()'><b>Verify_AddCompDrop</b><br>Test class: com.ImapTesting.testcases.TC_CompressorConfiguration</td>
<td></td>
<td>4</td>
<td>com.ImapTesting.testcases.TC_CompressorConfiguration@80503</td></tr>
<tr>
<td title='com.ImapTesting.testcases.TC_CompressorConfiguration.Verify_BtnCompressorNext()'><b>Verify_BtnCompressorNext</b><br>Test class: com.ImapTesting.testcases.TC_CompressorConfiguration<br/>
<a href="#Output-275448142" onClick='toggleBox("Output-275448142", this, "Show output", "Hide output");'>Show output</a>

<a href="#Output-275448142" onClick="toggleAllBoxes();">Show all outputs</a>
<div class='log' id="Output-275448142">
If Status of button is True means button is enable and If button of status is false then button is disable :false<br/>
</div>
</td>
<td></td>
<td>0</td>
<td>com.ImapTesting.testcases.TC_CompressorConfiguration@80503</td></tr>
<tr>
<td title='com.ImapTesting.testcases.TC_CompressorConfiguration.Verify_BtnCompressorSave()'><b>Verify_BtnCompressorSave</b><br>Test class: com.ImapTesting.testcases.TC_CompressorConfiguration<br/>
<a href="#Output-629321967" onClick='toggleBox("Output-629321967", this, "Show output", "Hide output");'>Show output</a>

<a href="#Output-629321967" onClick="toggleAllBoxes();">Show all outputs</a>
<div class='log' id="Output-629321967">
If Status of button is True means button is enable and If button of status is false then button is disable :false<br/>
</div>
</td>
<td></td>
<td>0</td>
<td>com.ImapTesting.testcases.TC_CompressorConfiguration@80503</td></tr>
<tr>
<td title='com.ImapTesting.testcases.TC_CompressorConfiguration.Verify_BtnPerformanceCal()'><b>Verify_BtnPerformanceCal</b><br>Test class: com.ImapTesting.testcases.TC_CompressorConfiguration<br/>
<a href="#Output-1201360998" onClick='toggleBox("Output-1201360998", this, "Show output", "Hide output");'>Show output</a>

<a href="#Output-1201360998" onClick="toggleAllBoxes();">Show all outputs</a>
<div class='log' id="Output-1201360998">
If Status of button is True means button is enable and If button of status is false then button is disable :false<br/>
</div>
</td>
<td></td>
<td>0</td>
<td>com.ImapTesting.testcases.TC_CompressorConfiguration@80503</td></tr>
<tr>
<td title='com.ImapTesting.testcases.TC_CompressorConfiguration.Verify_CoefficientUnitSI_FixedSpeedCompressor()'><b>Verify_CoefficientUnitSI_FixedSpeedCompressor</b><br>Test class: com.ImapTesting.testcases.TC_CompressorConfiguration</td>
<td></td>
<td>0</td>
<td>com.ImapTesting.testcases.TC_CompressorConfiguration@80503</td></tr>
<tr>
<td title='com.ImapTesting.testcases.TC_CompressorConfiguration.Verify_CompressorTypeDropValue()'><b>Verify_CompressorTypeDropValue</b><br>Test class: com.ImapTesting.testcases.TC_CompressorConfiguration</td>
<td></td>
<td>0</td>
<td>com.ImapTesting.testcases.TC_CompressorConfiguration@80503</td></tr>
<tr>
<td title='com.ImapTesting.testcases.TC_CompressorConfiguration.Verify_DefaultCompressorTypeDropValue()'><b>Verify_DefaultCompressorTypeDropValue</b><br>Test class: com.ImapTesting.testcases.TC_CompressorConfiguration<br/>
<a href="#Output-411425835" onClick='toggleBox("Output-411425835", this, "Show output", "Hide output");'>Show output</a>

<a href="#Output-411425835" onClick="toggleAllBoxes();">Show all outputs</a>
<div class='log' id="Output-411425835">
The default value of drop down menu is :Fixed Speed<br/>
</div>
</td>
<td></td>
<td>0</td>
<td>com.ImapTesting.testcases.TC_CompressorConfiguration@80503</td></tr>
<tr>
<td title='com.ImapTesting.testcases.TC_CompressorConfiguration.Verify_DefaultCost()'><b>Verify_DefaultCost</b><br>Test class: com.ImapTesting.testcases.TC_CompressorConfiguration<br/>
<a href="#Output-1883133460" onClick='toggleBox("Output-1883133460", this, "Show output", "Hide output");'>Show output</a>

<a href="#Output-1883133460" onClick="toggleAllBoxes();">Show all outputs</a>
<div class='log' id="Output-1883133460">
The Default value of field is :0<br/>
</div>
</td>
<td></td>
<td>0</td>
<td>com.ImapTesting.testcases.TC_CompressorConfiguration@80503</td></tr>
<tr>
<td title='com.ImapTesting.testcases.TC_CompressorConfiguration.Verify_DefaultCurrentMultiplier()'><b>Verify_DefaultCurrentMultiplier</b><br>Test class: com.ImapTesting.testcases.TC_CompressorConfiguration<br/>
<a href="#Output-2106390956" onClick='toggleBox("Output-2106390956", this, "Show output", "Hide output");'>Show output</a>

<a href="#Output-2106390956" onClick="toggleAllBoxes();">Show all outputs</a>
<div class='log' id="Output-2106390956">
The Default value of field is :1<br/>
</div>
</td>
<td></td>
<td>0</td>
<td>com.ImapTesting.testcases.TC_CompressorConfiguration@80503</td></tr>
<tr>
<td title='com.ImapTesting.testcases.TC_CompressorConfiguration.Verify_DefaultFrequency()'><b>Verify_DefaultFrequency</b><br>Test class: com.ImapTesting.testcases.TC_CompressorConfiguration<br/>
<a href="#Output-1775639151" onClick='toggleBox("Output-1775639151", this, "Show output", "Hide output");'>Show output</a>

<a href="#Output-1775639151" onClick="toggleAllBoxes();">Show all outputs</a>
<div class='log' id="Output-1775639151">
The Default value of field is :60<br/>
</div>
</td>
<td></td>
<td>0</td>
<td>com.ImapTesting.testcases.TC_CompressorConfiguration@80503</td></tr>
<tr>
<td title='com.ImapTesting.testcases.TC_CompressorConfiguration.Verify_DefaultMassFlowMultiplier()'><b>Verify_DefaultMassFlowMultiplier</b><br>Test class: com.ImapTesting.testcases.TC_CompressorConfiguration<br/>
<a href="#Output-1653309853" onClick='toggleBox("Output-1653309853", this, "Show output", "Hide output");'>Show output</a>

<a href="#Output-1653309853" onClick="toggleAllBoxes();">Show all outputs</a>
<div class='log' id="Output-1653309853">
The Default value of field is :1<br/>
</div>
</td>
<td></td>
<td>0</td>
<td>com.ImapTesting.testcases.TC_CompressorConfiguration@80503</td></tr>
<tr>
<td title='com.ImapTesting.testcases.TC_CompressorConfiguration.Verify_DefaultPowerMultiplier()'><b>Verify_DefaultPowerMultiplier</b><br>Test class: com.ImapTesting.testcases.TC_CompressorConfiguration<br/>
<a href="#Output-242224826" onClick='toggleBox("Output-242224826", this, "Show output", "Hide output");'>Show output</a>

<a href="#Output-242224826" onClick="toggleAllBoxes();">Show all outputs</a>
<div class='log' id="Output-242224826">
The Default value of field is :1<br/>
</div>
</td>
<td></td>
<td>0</td>
<td>com.ImapTesting.testcases.TC_CompressorConfiguration@80503</td></tr>
<tr>
<td title='com.ImapTesting.testcases.TC_CompressorConfiguration.Verify_DefaultShellHeatLoss()'><b>Verify_DefaultShellHeatLoss</b><br>Test class: com.ImapTesting.testcases.TC_CompressorConfiguration<br/>
<a href="#Output-1726054143" onClick='toggleBox("Output-1726054143", this, "Show output", "Hide output");'>Show output</a>

<a href="#Output-1726054143" onClick="toggleAllBoxes();">Show all outputs</a>
<div class='log' id="Output-1726054143">
The Default value of field is :0<br/>
</div>
</td>
<td></td>
<td>0</td>
<td>com.ImapTesting.testcases.TC_CompressorConfiguration@80503</td></tr>
<tr>
<td title='com.ImapTesting.testcases.TC_CompressorConfiguration.Verify_DefaultType()'><b>Verify_DefaultType</b><br>Test class: com.ImapTesting.testcases.TC_CompressorConfiguration<br/>
<a href="#Output-861887593" onClick='toggleBox("Output-861887593", this, "Show output", "Hide output");'>Show output</a>

<a href="#Output-861887593" onClick="toggleAllBoxes();">Show all outputs</a>
<div class='log' id="Output-861887593">
The Default value of field is :Scroll<br/>
</div>
</td>
<td></td>
<td>0</td>
<td>com.ImapTesting.testcases.TC_CompressorConfiguration@80503</td></tr>
<tr>
<td title='com.ImapTesting.testcases.TC_CompressorConfiguration.Verify_DefaultVoltage()'><b>Verify_DefaultVoltage</b><br>Test class: com.ImapTesting.testcases.TC_CompressorConfiguration<br/>
<a href="#Output-922150177" onClick='toggleBox("Output-922150177", this, "Show output", "Hide output");'>Show output</a>

<a href="#Output-922150177" onClick="toggleAllBoxes();">Show all outputs</a>
<div class='log' id="Output-922150177">
The Default value of field is :230<br/>
</div>
</td>
<td></td>
<td>0</td>
<td>com.ImapTesting.testcases.TC_CompressorConfiguration@80503</td></tr>
<tr>
<td title='com.ImapTesting.testcases.TC_CompressorConfiguration.Verify_DropdownPhase()'><b>Verify_DropdownPhase</b><br>Test class: com.ImapTesting.testcases.TC_CompressorConfiguration<br/>
<a href="#Output-312233241" onClick='toggleBox("Output-312233241", this, "Show output", "Hide output");'>Show output</a>

<a href="#Output-312233241" onClick="toggleAllBoxes();">Show all outputs</a>
<div class='log' id="Output-312233241">
The default value of drop down menu is :3<br/>
Drop down values are : Select Phase<br/>
Drop down values are : 1<br/>
Drop down values are : 2<br/>
Drop down values are : 3<br/>
</div>
</td>
<td></td>
<td>0</td>
<td>com.ImapTesting.testcases.TC_CompressorConfiguration@80503</td></tr>
<tr>
<td title='com.ImapTesting.testcases.TC_CompressorConfiguration.Verify_DropdownRefrigerant()'><b>Verify_DropdownRefrigerant</b><br>Test class: com.ImapTesting.testcases.TC_CompressorConfiguration<br/>
<a href="#Output-1009260571" onClick='toggleBox("Output-1009260571", this, "Show output", "Hide output");'>Show output</a>

<a href="#Output-1009260571" onClick="toggleAllBoxes();">Show all outputs</a>
<div class='log' id="Output-1009260571">
The default value of drop down menu is :ammonia<br/>
Drop down values are : Select Refrigerant<br/>
Drop down values are : ammonia<br/>
Drop down values are : carbondioxide<br/>
Drop down values are : helium<br/>
Drop down values are : propane<br/>
Drop down values are : R12<br/>
Drop down values are : R1234yf<br/>
Drop down values are : R1234ze<br/>
Drop down values are : R134a<br/>
Drop down values are : R22<br/>
Drop down values are : R22/R407C<br/>
Drop down values are : R290<br/>
Drop down values are : R32<br/>
Drop down values are : R404A<br/>
Drop down values are : R407A<br/>
Drop down values are : R407C<br/>
Drop down values are : R407F<br/>
Drop down values are : R410A<br/>
Drop down values are : R448A<br/>
Drop down values are : R449A<br/>
Drop down values are : R450A<br/>
Drop down values are : R452B<br/>
Drop down values are : R454B<br/>
Drop down values are : R466A<br/>
Drop down values are : R502<br/>
Drop down values are : R507<br/>
Drop down values are : R507A<br/>
Drop down values are : R513A<br/>
Drop down values are : R704<br/>
Drop down values are : R717<br/>
Drop down values are : R744<br/>
Drop down values are : water<br/>
</div>
</td>
<td></td>
<td>0</td>
<td>com.ImapTesting.testcases.TC_CompressorConfiguration@80503</td></tr>
<tr>
<td title='com.ImapTesting.testcases.TC_CompressorConfiguration.Verify_ExpCompressorTypeDropValue()'><b>Verify_ExpCompressorTypeDropValue</b><br>Test class: com.ImapTesting.testcases.TC_CompressorConfiguration</td>
<td></td>
<td>0</td>
<td>com.ImapTesting.testcases.TC_CompressorConfiguration@80503</td></tr>
<tr>
<td title='com.ImapTesting.testcases.TC_CompressorConfiguration.Verify_ExpectedPhaseValue()'><b>Verify_ExpectedPhaseValue</b><br>Test class: com.ImapTesting.testcases.TC_CompressorConfiguration</td>
<td></td>
<td>0</td>
<td>com.ImapTesting.testcases.TC_CompressorConfiguration@80503</td></tr>
<tr>
<td title='com.ImapTesting.testcases.TC_CompressorConfiguration.Verify_LblVoltage()'><b>Verify_LblVoltage</b><br>Test class: com.ImapTesting.testcases.TC_CompressorConfiguration<br/>
<a href="#Output-1585238239" onClick='toggleBox("Output-1585238239", this, "Show output", "Hide output");'>Show output</a>

<a href="#Output-1585238239" onClick="toggleAllBoxes();">Show all outputs</a>
<div class='log' id="Output-1585238239">
The value of the field is  :VAC<br/>
</div>
</td>
<td></td>
<td>10</td>
<td>com.ImapTesting.testcases.TC_CompressorConfiguration@80503</td></tr>
<tr>
<td title='com.ImapTesting.testcases.TC_CompressorConfiguration.Verify_LiqLineSubCool()'><b>Verify_LiqLineSubCool</b><br>Test class: com.ImapTesting.testcases.TC_CompressorConfiguration</td>
<td></td>
<td>0</td>
<td>com.ImapTesting.testcases.TC_CompressorConfiguration@80503</td></tr>
<tr>
<td title='com.ImapTesting.testcases.TC_CompressorConfiguration.Verify_ListCompressorTypeDropValue()'><b>Verify_ListCompressorTypeDropValue</b><br>Test class: com.ImapTesting.testcases.TC_CompressorConfiguration<br/>
<a href="#Output-445729280" onClick='toggleBox("Output-445729280", this, "Show output", "Hide output");'>Show output</a>

<a href="#Output-445729280" onClick="toggleAllBoxes();">Show all outputs</a>
<div class='log' id="Output-445729280">
Drop down values are : Fixed Speed<br/>
Drop down values are : Variable Speed 10 Coefficients<br/>
Drop down values are : Variable Speed 20 Coefficients<br/>
Drop down values are : Variable Capacity<br/>
</div>
</td>
<td></td>
<td>0</td>
<td>com.ImapTesting.testcases.TC_CompressorConfiguration@80503</td></tr>
<tr>
<td title='com.ImapTesting.testcases.TC_CompressorConfiguration.Verify_Manufacture()'><b>Verify_Manufacture</b><br>Test class: com.ImapTesting.testcases.TC_CompressorConfiguration</td>
<td></td>
<td>0</td>
<td>com.ImapTesting.testcases.TC_CompressorConfiguration@80503</td></tr>
<tr>
<td title='com.ImapTesting.testcases.TC_CompressorConfiguration.Verify_Model()'><b>Verify_Model</b><br>Test class: com.ImapTesting.testcases.TC_CompressorConfiguration</td>
<td></td>
<td>0</td>
<td>com.ImapTesting.testcases.TC_CompressorConfiguration@80503</td></tr>
<tr>
<td title='com.ImapTesting.testcases.TC_CompressorConfiguration.Verify_ProjectList()'><b>Verify_ProjectList</b><br>Test class: com.ImapTesting.testcases.TC_CompressorConfiguration<br>Test method: Verifying the my project list<br/>
<a href="#Output-1235908203" onClick='toggleBox("Output-1235908203", this, "Show output", "Hide output");'>Show output</a>

<a href="#Output-1235908203" onClick="toggleAllBoxes();">Show all outputs</a>
<div class='log' id="Output-1235908203">
RAC PAC 01 July 2019<br/>
Residential 12 June 2019<br/>
Sprint 19 System Test Cases-Res Project<br/>
Residential 11 June 2019<br/>
Testing RACPAC Project<br/>
Rooftop 04 June 2019<br/>
Automation Project 1.0<br/>
Amol 1.0<br/>
Residential 14 May<br/>
Rooftop 14 May<br/>
</div>
</td>
<td></td>
<td>0</td>
<td>com.ImapTesting.testcases.TC_CompressorConfiguration@80503</td></tr>
<tr>
<td title='com.ImapTesting.testcases.TC_CompressorConfiguration.Verify_SatDisTemp()'><b>Verify_SatDisTemp</b><br>Test class: com.ImapTesting.testcases.TC_CompressorConfiguration</td>
<td></td>
<td>0</td>
<td>com.ImapTesting.testcases.TC_CompressorConfiguration@80503</td></tr>
<tr>
<td title='com.ImapTesting.testcases.TC_CompressorConfiguration.Verify_SucLineSubCool()'><b>Verify_SucLineSubCool</b><br>Test class: com.ImapTesting.testcases.TC_CompressorConfiguration</td>
<td></td>
<td>0</td>
<td>com.ImapTesting.testcases.TC_CompressorConfiguration@80503</td></tr>
<tr>
<td title='com.ImapTesting.testcases.TC_CompressorConfiguration.Verify_UnitIP()'><b>Verify_UnitIP</b><br>Test class: com.ImapTesting.testcases.TC_CompressorConfiguration</td>
<td></td>
<td>0</td>
<td>com.ImapTesting.testcases.TC_CompressorConfiguration@80503</td></tr>
<tr>
<td title='com.ImapTesting.testcases.TC_CompressorConfiguration.Verify_UnitSI()'><b>Verify_UnitSI</b><br>Test class: com.ImapTesting.testcases.TC_CompressorConfiguration</td>
<td></td>
<td>0</td>
<td>com.ImapTesting.testcases.TC_CompressorConfiguration@80503</td></tr>
<tr>
<td title='com.ImapTesting.testcases.TC_CompressorConfiguration.Verify_UnittList()'><b>Verify_UnittList</b><br>Test class: com.ImapTesting.testcases.TC_CompressorConfiguration</td>
<td></td>
<td>1</td>
<td>com.ImapTesting.testcases.TC_CompressorConfiguration@80503</td></tr>
<tr>
<td title='com.ImapTesting.testcases.TC_CompressorConfiguration.clickMyProjectIcon()'><b>clickMyProjectIcon</b><br>Test class: com.ImapTesting.testcases.TC_CompressorConfiguration<br>Test method: Verifying my project page</td>
<td></td>
<td>2</td>
<td>com.ImapTesting.testcases.TC_CompressorConfiguration@80503</td></tr>
<tr>
<td title='com.ImapTesting.testcases.TC_CompressorConfiguration.validatedashboardpage()'><b>validatedashboardpage</b><br>Test class: com.ImapTesting.testcases.TC_CompressorConfiguration<br>Test method: Verifying dashboard title</td>
<td></td>
<td>1</td>
<td>com.ImapTesting.testcases.TC_CompressorConfiguration@80503</td></tr>
</table><p>
<table width='100%' border='1' class='invocation-skipped'>
<tr><td colspan='4' align='center'><b>SKIPPED TESTS</b></td></tr>
<tr><td><b>Test method</b></td>
<td width="30%"><b>Exception</b></td>
<td width="10%"><b>Time (seconds)</b></td>
<td><b>Instance</b></td>
</tr>
<tr>
<td title='com.ImapTesting.testcases.TC_CompressorConfiguration.Verify_Userspecifiedparameterfields_SI()'><b>Verify_Userspecifiedparameterfields_SI</b><br>Test class: com.ImapTesting.testcases.TC_CompressorConfiguration</td>
<td><div><pre>java.lang.Throwable: Method TC_CompressorConfiguration.Verify_Userspecifiedparameterfields_SI()[pri:39, instance:com.ImapTesting.testcases.TC_CompressorConfiguration@80503] depends on not successfully finished methods
... Removed 18 stack frames</pre></div><a href='#' onClick='toggleBox("stack-trace1380194466", this, "Click to show all stack frames", "Click to hide stack frames")'>Click to show all stack frames</a>
<div class='stack-trace' id='stack-trace1380194466'><pre>java.lang.Throwable: Method TC_CompressorConfiguration.Verify_Userspecifiedparameterfields_SI()[pri:39, instance:com.ImapTesting.testcases.TC_CompressorConfiguration@80503] depends on not successfully finished methods
	at org.testng.internal.Invoker.invokeTestMethods(Invoker.java:887)
	at org.testng.internal.TestMethodWorker.invokeTestMethods(TestMethodWorker.java:125)
	at org.testng.internal.TestMethodWorker.run(TestMethodWorker.java:109)
	at org.testng.TestRunner.privateRun(TestRunner.java:648)
	at org.testng.TestRunner.run(TestRunner.java:505)
	at org.testng.SuiteRunner.runTest(SuiteRunner.java:455)
	at org.testng.SuiteRunner.runSequentially(SuiteRunner.java:450)
	at org.testng.SuiteRunner.privateRun(SuiteRunner.java:415)
	at org.testng.SuiteRunner.run(SuiteRunner.java:364)
	at org.testng.SuiteRunnerWorker.runSuite(SuiteRunnerWorker.java:52)
	at org.testng.SuiteRunnerWorker.run(SuiteRunnerWorker.java:84)
	at org.testng.TestNG.runSuitesSequentially(TestNG.java:1208)
	at org.testng.TestNG.runSuitesLocally(TestNG.java:1137)
	at org.testng.TestNG.runSuites(TestNG.java:1049)
	at org.testng.TestNG.run(TestNG.java:1017)
	at org.testng.remote.AbstractRemoteTestNG.run(AbstractRemoteTestNG.java:114)
	at org.testng.remote.RemoteTestNG.initAndRun(RemoteTestNG.java:251)
	at org.testng.remote.RemoteTestNG.main(RemoteTestNG.java:77)
</pre></div></td>
<td>0</td>
<td>null</td></tr>
</table><p>
</body>
</html>