<?xml version="1.0" encoding="UTF-8"?>
<testng-results skipped="0" failed="2" ignored="0" total="44" passed="42">
  <reporter-output>
    <line>
      <![CDATA[RAC PAC 01 July 2019]]>
    </line>
    <line>
      <![CDATA[Residential 12 June 2019]]>
    </line>
    <line>
      <![CDATA[Sprint 19 System Test Cases-Res Project]]>
    </line>
    <line>
      <![CDATA[Residential 11 June 2019]]>
    </line>
    <line>
      <![CDATA[Testing RACPAC Project]]>
    </line>
    <line>
      <![CDATA[Rooftop 04 June 2019]]>
    </line>
    <line>
      <![CDATA[Automation Project 1.0]]>
    </line>
    <line>
      <![CDATA[Amol 1.0]]>
    </line>
    <line>
      <![CDATA[Residential 14 May]]>
    </line>
    <line>
      <![CDATA[Rooftop 14 May]]>
    </line>
    <line>
      <![CDATA[If Status of button is True means button is enable and If button of status is false then button is disable :false]]>
    </line>
    <line>
      <![CDATA[If Status of button is True means button is enable and If button of status is false then button is disable :false]]>
    </line>
    <line>
      <![CDATA[If Status of button is True means button is enable and If button of status is false then button is disable :false]]>
    </line>
    <line>
      <![CDATA[The Default value of field is :1]]>
    </line>
    <line>
      <![CDATA[The Default value of field is :1]]>
    </line>
    <line>
      <![CDATA[The Default value of field is :1]]>
    </line>
    <line>
      <![CDATA[The Default value of field is :0]]>
    </line>
    <line>
      <![CDATA[The Default value of field is :Scroll]]>
    </line>
    <line>
      <![CDATA[The Default value of field is :230]]>
    </line>
    <line>
      <![CDATA[The default value of drop down menu is :3]]>
    </line>
    <line>
      <![CDATA[Drop down values are : Select Phase]]>
    </line>
    <line>
      <![CDATA[Drop down values are : 1]]>
    </line>
    <line>
      <![CDATA[Drop down values are : 2]]>
    </line>
    <line>
      <![CDATA[Drop down values are : 3]]>
    </line>
    <line>
      <![CDATA[The default value of drop down menu is :ammonia]]>
    </line>
    <line>
      <![CDATA[Drop down values are : Select Refrigerant]]>
    </line>
    <line>
      <![CDATA[Drop down values are : ammonia]]>
    </line>
    <line>
      <![CDATA[Drop down values are : carbondioxide]]>
    </line>
    <line>
      <![CDATA[Drop down values are : helium]]>
    </line>
    <line>
      <![CDATA[Drop down values are : propane]]>
    </line>
    <line>
      <![CDATA[Drop down values are : R12]]>
    </line>
    <line>
      <![CDATA[Drop down values are : R1234yf]]>
    </line>
    <line>
      <![CDATA[Drop down values are : R1234ze]]>
    </line>
    <line>
      <![CDATA[Drop down values are : R134a]]>
    </line>
    <line>
      <![CDATA[Drop down values are : R22]]>
    </line>
    <line>
      <![CDATA[Drop down values are : R22/R407C]]>
    </line>
    <line>
      <![CDATA[Drop down values are : R290]]>
    </line>
    <line>
      <![CDATA[Drop down values are : R32]]>
    </line>
    <line>
      <![CDATA[Drop down values are : R404A]]>
    </line>
    <line>
      <![CDATA[Drop down values are : R407A]]>
    </line>
    <line>
      <![CDATA[Drop down values are : R407C]]>
    </line>
    <line>
      <![CDATA[Drop down values are : R407F]]>
    </line>
    <line>
      <![CDATA[Drop down values are : R410A]]>
    </line>
    <line>
      <![CDATA[Drop down values are : R448A]]>
    </line>
    <line>
      <![CDATA[Drop down values are : R449A]]>
    </line>
    <line>
      <![CDATA[Drop down values are : R450A]]>
    </line>
    <line>
      <![CDATA[Drop down values are : R452B]]>
    </line>
    <line>
      <![CDATA[Drop down values are : R454B]]>
    </line>
    <line>
      <![CDATA[Drop down values are : R466A]]>
    </line>
    <line>
      <![CDATA[Drop down values are : R502]]>
    </line>
    <line>
      <![CDATA[Drop down values are : R507]]>
    </line>
    <line>
      <![CDATA[Drop down values are : R507A]]>
    </line>
    <line>
      <![CDATA[Drop down values are : R513A]]>
    </line>
    <line>
      <![CDATA[Drop down values are : R704]]>
    </line>
    <line>
      <![CDATA[Drop down values are : R717]]>
    </line>
    <line>
      <![CDATA[Drop down values are : R744]]>
    </line>
    <line>
      <![CDATA[Drop down values are : water]]>
    </line>
    <line>
      <![CDATA[The value of the field is  :VAC]]>
    </line>
    <line>
      <![CDATA[The Default value of field is :50]]>
    </line>
    <line>
      <![CDATA[The default value of drop down menu is :Fixed Speed]]>
    </line>
    <line>
      <![CDATA[Drop down values are : Fixed Speed]]>
    </line>
    <line>
      <![CDATA[Drop down values are : Variable Speed 10 Coefficients]]>
    </line>
    <line>
      <![CDATA[Drop down values are : Variable Speed 20 Coefficients]]>
    </line>
    <line>
      <![CDATA[Drop down values are : Variable Capacity]]>
    </line>
    <line>
      <![CDATA[The Default value of field is :0]]>
    </line>
    <line>
      <![CDATA[The value of the field is  :$]]>
    </line>
    <line>
      <![CDATA[The Default value of field is :60]]>
    </line>
    <line>
      <![CDATA[The value of the field is  :Hz]]>
    </line>
    <line>
      <![CDATA[The Default value of field is :50]]>
    </line>
    <line>
      <![CDATA[The Default value of field is :230]]>
    </line>
    <line>
      <![CDATA[The Default value of field is :0]]>
    </line>
    <line>
      <![CDATA[The value of the field is  :$]]>
    </line>
    <line>
      <![CDATA[The Default value of field is :60]]>
    </line>
    <line>
      <![CDATA[The value of the field is  :Hz]]>
    </line>
  </reporter-output>
  <suite name="Default suite" duration-ms="54890" started-at="2019-07-01T20:29:01Z" finished-at="2019-07-01T20:29:56Z">
    <groups>
    </groups>
    <test name="Default test" duration-ms="54890" started-at="2019-07-01T20:29:01Z" finished-at="2019-07-01T20:29:56Z">
      <class name="com.ImapTesting.testcases.TC_CompressorConfiguration">
        <test-method status="PASS" signature="setExtentReport()[pri:0, instance:com.ImapTesting.testcases.TC_CompressorConfiguration@80503]" name="setExtentReport" is-config="true" duration-ms="175" started-at="2019-07-01T20:29:01Z" finished-at="2019-07-01T20:29:01Z">
          <reporter-output>
          </reporter-output>
        </test-method> <!-- setExtentReport -->
        <test-method status="PASS" signature="setup()[pri:0, instance:com.ImapTesting.testcases.TC_CompressorConfiguration@80503]" name="setup" is-config="true" duration-ms="30932" started-at="2019-07-01T20:29:01Z" finished-at="2019-07-01T20:29:32Z">
          <reporter-output>
          </reporter-output>
        </test-method> <!-- setup -->
        <test-method status="PASS" signature="Successfulllogin()[pri:1, instance:com.ImapTesting.testcases.TC_CompressorConfiguration@80503]" name="Successfulllogin" duration-ms="548" started-at="2019-07-01T20:29:32Z" description="Verifying login to imap" finished-at="2019-07-01T20:29:33Z">
          <reporter-output>
          </reporter-output>
        </test-method> <!-- Successfulllogin -->
        <test-method status="PASS" signature="teardown(org.testng.ITestResult)[pri:0, instance:com.ImapTesting.testcases.TC_CompressorConfiguration@80503]" name="teardown" is-config="true" duration-ms="530" started-at="2019-07-01T20:29:33Z" finished-at="2019-07-01T20:29:33Z">
          <params>
            <param index="0">
              <value>
                <![CDATA[[TestResult name=Successfulllogin status=SUCCESS method=TC_CompressorConfiguration.Successfulllogin()[pri:1, instance:com.ImapTesting.testcases.TC_CompressorConfiguration@80503] output={null}]]]>
              </value>
            </param>
          </params>
          <reporter-output>
          </reporter-output>
        </test-method> <!-- teardown -->
        <test-method status="PASS" signature="validatedashboardpage()[pri:2, instance:com.ImapTesting.testcases.TC_CompressorConfiguration@80503]" name="validatedashboardpage" duration-ms="1450" started-at="2019-07-01T20:29:33Z" description="Verifying dashboard title" finished-at="2019-07-01T20:29:35Z">
          <reporter-output>
          </reporter-output>
        </test-method> <!-- validatedashboardpage -->
        <test-method status="PASS" signature="teardown(org.testng.ITestResult)[pri:0, instance:com.ImapTesting.testcases.TC_CompressorConfiguration@80503]" name="teardown" is-config="true" duration-ms="93" started-at="2019-07-01T20:29:35Z" finished-at="2019-07-01T20:29:35Z">
          <params>
            <param index="0">
              <value>
                <![CDATA[[TestResult name=validatedashboardpage status=SUCCESS method=TC_CompressorConfiguration.validatedashboardpage()[pri:2, instance:com.ImapTesting.testcases.TC_CompressorConfiguration@80503] output={null}]]]>
              </value>
            </param>
          </params>
          <reporter-output>
          </reporter-output>
        </test-method> <!-- teardown -->
        <test-method status="PASS" signature="clickMyProjectIcon()[pri:3, instance:com.ImapTesting.testcases.TC_CompressorConfiguration@80503]" name="clickMyProjectIcon" duration-ms="3428" started-at="2019-07-01T20:29:35Z" description="Verifying my project page" finished-at="2019-07-01T20:29:38Z">
          <reporter-output>
          </reporter-output>
        </test-method> <!-- clickMyProjectIcon -->
        <test-method status="PASS" signature="teardown(org.testng.ITestResult)[pri:0, instance:com.ImapTesting.testcases.TC_CompressorConfiguration@80503]" name="teardown" is-config="true" duration-ms="88" started-at="2019-07-01T20:29:38Z" finished-at="2019-07-01T20:29:38Z">
          <params>
            <param index="0">
              <value>
                <![CDATA[[TestResult name=clickMyProjectIcon status=SUCCESS method=TC_CompressorConfiguration.clickMyProjectIcon()[pri:3, instance:com.ImapTesting.testcases.TC_CompressorConfiguration@80503] output={null}]]]>
              </value>
            </param>
          </params>
          <reporter-output>
          </reporter-output>
        </test-method> <!-- teardown -->
        <test-method status="PASS" signature="Verify_ProjectList()[pri:4, instance:com.ImapTesting.testcases.TC_CompressorConfiguration@80503]" name="Verify_ProjectList" duration-ms="677" started-at="2019-07-01T20:29:38Z" description="Verifying the my project list" finished-at="2019-07-01T20:29:39Z">
          <reporter-output>
            <line>
              <![CDATA[RAC PAC 01 July 2019]]>
            </line>
            <line>
              <![CDATA[Residential 12 June 2019]]>
            </line>
            <line>
              <![CDATA[Sprint 19 System Test Cases-Res Project]]>
            </line>
            <line>
              <![CDATA[Residential 11 June 2019]]>
            </line>
            <line>
              <![CDATA[Testing RACPAC Project]]>
            </line>
            <line>
              <![CDATA[Rooftop 04 June 2019]]>
            </line>
            <line>
              <![CDATA[Automation Project 1.0]]>
            </line>
            <line>
              <![CDATA[Amol 1.0]]>
            </line>
            <line>
              <![CDATA[Residential 14 May]]>
            </line>
            <line>
              <![CDATA[Rooftop 14 May]]>
            </line>
          </reporter-output>
        </test-method> <!-- Verify_ProjectList -->
        <test-method status="PASS" signature="teardown(org.testng.ITestResult)[pri:0, instance:com.ImapTesting.testcases.TC_CompressorConfiguration@80503]" name="teardown" is-config="true" duration-ms="60" started-at="2019-07-01T20:29:39Z" finished-at="2019-07-01T20:29:39Z">
          <params>
            <param index="0">
              <value>
                <![CDATA[[TestResult name=Verify_ProjectList status=SUCCESS method=TC_CompressorConfiguration.Verify_ProjectList()[pri:4, instance:com.ImapTesting.testcases.TC_CompressorConfiguration@80503] output=RAC PAC 01 July 2019]]]>
              </value>
            </param>
          </params>
          <reporter-output>
          </reporter-output>
        </test-method> <!-- teardown -->
        <test-method status="PASS" signature="Verify_UnittList()[pri:5, instance:com.ImapTesting.testcases.TC_CompressorConfiguration@80503]" name="Verify_UnittList" duration-ms="1733" started-at="2019-07-01T20:29:39Z" finished-at="2019-07-01T20:29:41Z">
          <reporter-output>
          </reporter-output>
        </test-method> <!-- Verify_UnittList -->
        <test-method status="PASS" signature="teardown(org.testng.ITestResult)[pri:0, instance:com.ImapTesting.testcases.TC_CompressorConfiguration@80503]" name="teardown" is-config="true" duration-ms="60" started-at="2019-07-01T20:29:41Z" finished-at="2019-07-01T20:29:41Z">
          <params>
            <param index="0">
              <value>
                <![CDATA[[TestResult name=Verify_UnittList status=SUCCESS method=TC_CompressorConfiguration.Verify_UnittList()[pri:5, instance:com.ImapTesting.testcases.TC_CompressorConfiguration@80503] output={null}]]]>
              </value>
            </param>
          </params>
          <reporter-output>
          </reporter-output>
        </test-method> <!-- teardown -->
        <test-method status="PASS" signature="Verify_AddCompDrop()[pri:6, instance:com.ImapTesting.testcases.TC_CompressorConfiguration@80503]" name="Verify_AddCompDrop" duration-ms="4216" started-at="2019-07-01T20:29:41Z" finished-at="2019-07-01T20:29:45Z">
          <reporter-output>
          </reporter-output>
        </test-method> <!-- Verify_AddCompDrop -->
        <test-method status="PASS" signature="teardown(org.testng.ITestResult)[pri:0, instance:com.ImapTesting.testcases.TC_CompressorConfiguration@80503]" name="teardown" is-config="true" duration-ms="78" started-at="2019-07-01T20:29:45Z" finished-at="2019-07-01T20:29:45Z">
          <params>
            <param index="0">
              <value>
                <![CDATA[[TestResult name=Verify_AddCompDrop status=SUCCESS method=TC_CompressorConfiguration.Verify_AddCompDrop()[pri:6, instance:com.ImapTesting.testcases.TC_CompressorConfiguration@80503] output={null}]]]>
              </value>
            </param>
          </params>
          <reporter-output>
          </reporter-output>
        </test-method> <!-- teardown -->
        <test-method status="PASS" signature="Verify_BtnPerformanceCal()[pri:7, instance:com.ImapTesting.testcases.TC_CompressorConfiguration@80503]" name="Verify_BtnPerformanceCal" duration-ms="105" started-at="2019-07-01T20:29:45Z" finished-at="2019-07-01T20:29:45Z">
          <reporter-output>
            <line>
              <![CDATA[If Status of button is True means button is enable and If button of status is false then button is disable :false]]>
            </line>
          </reporter-output>
        </test-method> <!-- Verify_BtnPerformanceCal -->
        <test-method status="PASS" signature="teardown(org.testng.ITestResult)[pri:0, instance:com.ImapTesting.testcases.TC_CompressorConfiguration@80503]" name="teardown" is-config="true" duration-ms="77" started-at="2019-07-01T20:29:45Z" finished-at="2019-07-01T20:29:46Z">
          <params>
            <param index="0">
              <value>
                <![CDATA[[TestResult name=Verify_BtnPerformanceCal status=SUCCESS method=TC_CompressorConfiguration.Verify_BtnPerformanceCal()[pri:7, instance:com.ImapTesting.testcases.TC_CompressorConfiguration@80503] output=If Status of button is True means button is enable and If button of status is false then button is disable :false]]]>
              </value>
            </param>
          </params>
          <reporter-output>
          </reporter-output>
        </test-method> <!-- teardown -->
        <test-method status="PASS" signature="Verify_BtnCompressorSave()[pri:8, instance:com.ImapTesting.testcases.TC_CompressorConfiguration@80503]" name="Verify_BtnCompressorSave" duration-ms="172" started-at="2019-07-01T20:29:46Z" finished-at="2019-07-01T20:29:46Z">
          <reporter-output>
            <line>
              <![CDATA[If Status of button is True means button is enable and If button of status is false then button is disable :false]]>
            </line>
          </reporter-output>
        </test-method> <!-- Verify_BtnCompressorSave -->
        <test-method status="PASS" signature="teardown(org.testng.ITestResult)[pri:0, instance:com.ImapTesting.testcases.TC_CompressorConfiguration@80503]" name="teardown" is-config="true" duration-ms="55" started-at="2019-07-01T20:29:46Z" finished-at="2019-07-01T20:29:46Z">
          <params>
            <param index="0">
              <value>
                <![CDATA[[TestResult name=Verify_BtnCompressorSave status=SUCCESS method=TC_CompressorConfiguration.Verify_BtnCompressorSave()[pri:8, instance:com.ImapTesting.testcases.TC_CompressorConfiguration@80503] output=If Status of button is True means button is enable and If button of status is false then button is disable :false]]]>
              </value>
            </param>
          </params>
          <reporter-output>
          </reporter-output>
        </test-method> <!-- teardown -->
        <test-method status="PASS" signature="Verify_BtnCompressorNext()[pri:9, instance:com.ImapTesting.testcases.TC_CompressorConfiguration@80503]" name="Verify_BtnCompressorNext" duration-ms="110" started-at="2019-07-01T20:29:46Z" finished-at="2019-07-01T20:29:46Z">
          <reporter-output>
            <line>
              <![CDATA[If Status of button is True means button is enable and If button of status is false then button is disable :false]]>
            </line>
          </reporter-output>
        </test-method> <!-- Verify_BtnCompressorNext -->
        <test-method status="PASS" signature="teardown(org.testng.ITestResult)[pri:0, instance:com.ImapTesting.testcases.TC_CompressorConfiguration@80503]" name="teardown" is-config="true" duration-ms="73" started-at="2019-07-01T20:29:46Z" finished-at="2019-07-01T20:29:46Z">
          <params>
            <param index="0">
              <value>
                <![CDATA[[TestResult name=Verify_BtnCompressorNext status=SUCCESS method=TC_CompressorConfiguration.Verify_BtnCompressorNext()[pri:9, instance:com.ImapTesting.testcases.TC_CompressorConfiguration@80503] output=If Status of button is True means button is enable and If button of status is false then button is disable :false]]]>
              </value>
            </param>
          </params>
          <reporter-output>
          </reporter-output>
        </test-method> <!-- teardown -->
        <test-method status="PASS" signature="Verify_DefaultMassFlowMultiplier()[pri:10, instance:com.ImapTesting.testcases.TC_CompressorConfiguration@80503]" name="Verify_DefaultMassFlowMultiplier" duration-ms="37" started-at="2019-07-01T20:29:46Z" finished-at="2019-07-01T20:29:46Z">
          <reporter-output>
            <line>
              <![CDATA[The Default value of field is :1]]>
            </line>
          </reporter-output>
        </test-method> <!-- Verify_DefaultMassFlowMultiplier -->
        <test-method status="PASS" signature="teardown(org.testng.ITestResult)[pri:0, instance:com.ImapTesting.testcases.TC_CompressorConfiguration@80503]" name="teardown" is-config="true" duration-ms="71" started-at="2019-07-01T20:29:46Z" finished-at="2019-07-01T20:29:46Z">
          <params>
            <param index="0">
              <value>
                <![CDATA[[TestResult name=Verify_DefaultMassFlowMultiplier status=SUCCESS method=TC_CompressorConfiguration.Verify_DefaultMassFlowMultiplier()[pri:10, instance:com.ImapTesting.testcases.TC_CompressorConfiguration@80503] output=The Default value of field is :1]]]>
              </value>
            </param>
          </params>
          <reporter-output>
          </reporter-output>
        </test-method> <!-- teardown -->
        <test-method status="PASS" signature="Verify_DefaultPowerMultiplier()[pri:11, instance:com.ImapTesting.testcases.TC_CompressorConfiguration@80503]" name="Verify_DefaultPowerMultiplier" duration-ms="27" started-at="2019-07-01T20:29:46Z" finished-at="2019-07-01T20:29:46Z">
          <reporter-output>
            <line>
              <![CDATA[The Default value of field is :1]]>
            </line>
          </reporter-output>
        </test-method> <!-- Verify_DefaultPowerMultiplier -->
        <test-method status="PASS" signature="teardown(org.testng.ITestResult)[pri:0, instance:com.ImapTesting.testcases.TC_CompressorConfiguration@80503]" name="teardown" is-config="true" duration-ms="58" started-at="2019-07-01T20:29:46Z" finished-at="2019-07-01T20:29:46Z">
          <params>
            <param index="0">
              <value>
                <![CDATA[[TestResult name=Verify_DefaultPowerMultiplier status=SUCCESS method=TC_CompressorConfiguration.Verify_DefaultPowerMultiplier()[pri:11, instance:com.ImapTesting.testcases.TC_CompressorConfiguration@80503] output=The Default value of field is :1]]]>
              </value>
            </param>
          </params>
          <reporter-output>
          </reporter-output>
        </test-method> <!-- teardown -->
        <test-method status="PASS" signature="Verify_DefaultCurrentMultiplier()[pri:12, instance:com.ImapTesting.testcases.TC_CompressorConfiguration@80503]" name="Verify_DefaultCurrentMultiplier" duration-ms="30" started-at="2019-07-01T20:29:46Z" finished-at="2019-07-01T20:29:46Z">
          <reporter-output>
            <line>
              <![CDATA[The Default value of field is :1]]>
            </line>
          </reporter-output>
        </test-method> <!-- Verify_DefaultCurrentMultiplier -->
        <test-method status="PASS" signature="teardown(org.testng.ITestResult)[pri:0, instance:com.ImapTesting.testcases.TC_CompressorConfiguration@80503]" name="teardown" is-config="true" duration-ms="70" started-at="2019-07-01T20:29:46Z" finished-at="2019-07-01T20:29:46Z">
          <params>
            <param index="0">
              <value>
                <![CDATA[[TestResult name=Verify_DefaultCurrentMultiplier status=SUCCESS method=TC_CompressorConfiguration.Verify_DefaultCurrentMultiplier()[pri:12, instance:com.ImapTesting.testcases.TC_CompressorConfiguration@80503] output=The Default value of field is :1]]]>
              </value>
            </param>
          </params>
          <reporter-output>
          </reporter-output>
        </test-method> <!-- teardown -->
        <test-method status="PASS" signature="Verify_DefaultShellHeatLoss()[pri:13, instance:com.ImapTesting.testcases.TC_CompressorConfiguration@80503]" name="Verify_DefaultShellHeatLoss" duration-ms="35" started-at="2019-07-01T20:29:46Z" finished-at="2019-07-01T20:29:46Z">
          <reporter-output>
            <line>
              <![CDATA[The Default value of field is :0]]>
            </line>
          </reporter-output>
        </test-method> <!-- Verify_DefaultShellHeatLoss -->
        <test-method status="PASS" signature="teardown(org.testng.ITestResult)[pri:0, instance:com.ImapTesting.testcases.TC_CompressorConfiguration@80503]" name="teardown" is-config="true" duration-ms="65" started-at="2019-07-01T20:29:46Z" finished-at="2019-07-01T20:29:46Z">
          <params>
            <param index="0">
              <value>
                <![CDATA[[TestResult name=Verify_DefaultShellHeatLoss status=SUCCESS method=TC_CompressorConfiguration.Verify_DefaultShellHeatLoss()[pri:13, instance:com.ImapTesting.testcases.TC_CompressorConfiguration@80503] output=The Default value of field is :0]]]>
              </value>
            </param>
          </params>
          <reporter-output>
          </reporter-output>
        </test-method> <!-- teardown -->
        <test-method status="PASS" signature="Verify_DefaultType()[pri:14, instance:com.ImapTesting.testcases.TC_CompressorConfiguration@80503]" name="Verify_DefaultType" duration-ms="33" started-at="2019-07-01T20:29:46Z" finished-at="2019-07-01T20:29:46Z">
          <reporter-output>
            <line>
              <![CDATA[The Default value of field is :Scroll]]>
            </line>
          </reporter-output>
        </test-method> <!-- Verify_DefaultType -->
        <test-method status="PASS" signature="teardown(org.testng.ITestResult)[pri:0, instance:com.ImapTesting.testcases.TC_CompressorConfiguration@80503]" name="teardown" is-config="true" duration-ms="70" started-at="2019-07-01T20:29:46Z" finished-at="2019-07-01T20:29:46Z">
          <params>
            <param index="0">
              <value>
                <![CDATA[[TestResult name=Verify_DefaultType status=SUCCESS method=TC_CompressorConfiguration.Verify_DefaultType()[pri:14, instance:com.ImapTesting.testcases.TC_CompressorConfiguration@80503] output=The Default value of field is :Scroll]]]>
              </value>
            </param>
          </params>
          <reporter-output>
          </reporter-output>
        </test-method> <!-- teardown -->
        <test-method status="PASS" signature="Verify_Manufacture()[pri:15, instance:com.ImapTesting.testcases.TC_CompressorConfiguration@80503]" name="Verify_Manufacture" duration-ms="35" started-at="2019-07-01T20:29:46Z" finished-at="2019-07-01T20:29:46Z">
          <reporter-output>
          </reporter-output>
        </test-method> <!-- Verify_Manufacture -->
        <test-method status="PASS" signature="teardown(org.testng.ITestResult)[pri:0, instance:com.ImapTesting.testcases.TC_CompressorConfiguration@80503]" name="teardown" is-config="true" duration-ms="60" started-at="2019-07-01T20:29:46Z" finished-at="2019-07-01T20:29:47Z">
          <params>
            <param index="0">
              <value>
                <![CDATA[[TestResult name=Verify_Manufacture status=SUCCESS method=TC_CompressorConfiguration.Verify_Manufacture()[pri:15, instance:com.ImapTesting.testcases.TC_CompressorConfiguration@80503] output={null}]]]>
              </value>
            </param>
          </params>
          <reporter-output>
          </reporter-output>
        </test-method> <!-- teardown -->
        <test-method status="PASS" signature="Verify_Model()[pri:16, instance:com.ImapTesting.testcases.TC_CompressorConfiguration@80503]" name="Verify_Model" duration-ms="45" started-at="2019-07-01T20:29:47Z" finished-at="2019-07-01T20:29:47Z">
          <reporter-output>
          </reporter-output>
        </test-method> <!-- Verify_Model -->
        <test-method status="PASS" signature="teardown(org.testng.ITestResult)[pri:0, instance:com.ImapTesting.testcases.TC_CompressorConfiguration@80503]" name="teardown" is-config="true" duration-ms="55" started-at="2019-07-01T20:29:47Z" finished-at="2019-07-01T20:29:47Z">
          <params>
            <param index="0">
              <value>
                <![CDATA[[TestResult name=Verify_Model status=SUCCESS method=TC_CompressorConfiguration.Verify_Model()[pri:16, instance:com.ImapTesting.testcases.TC_CompressorConfiguration@80503] output={null}]]]>
              </value>
            </param>
          </params>
          <reporter-output>
          </reporter-output>
        </test-method> <!-- teardown -->
        <test-method status="PASS" signature="Verify_DefaultVoltage()[pri:17, instance:com.ImapTesting.testcases.TC_CompressorConfiguration@80503]" name="Verify_DefaultVoltage" duration-ms="25" started-at="2019-07-01T20:29:47Z" finished-at="2019-07-01T20:29:47Z">
          <reporter-output>
            <line>
              <![CDATA[The Default value of field is :230]]>
            </line>
          </reporter-output>
        </test-method> <!-- Verify_DefaultVoltage -->
        <test-method status="PASS" signature="teardown(org.testng.ITestResult)[pri:0, instance:com.ImapTesting.testcases.TC_CompressorConfiguration@80503]" name="teardown" is-config="true" duration-ms="65" started-at="2019-07-01T20:29:47Z" finished-at="2019-07-01T20:29:47Z">
          <params>
            <param index="0">
              <value>
                <![CDATA[[TestResult name=Verify_DefaultVoltage status=SUCCESS method=TC_CompressorConfiguration.Verify_DefaultVoltage()[pri:17, instance:com.ImapTesting.testcases.TC_CompressorConfiguration@80503] output=The Default value of field is :230]]]>
              </value>
            </param>
          </params>
          <reporter-output>
          </reporter-output>
        </test-method> <!-- teardown -->
        <test-method status="PASS" signature="Verify_DropdownPhase()[pri:18, instance:com.ImapTesting.testcases.TC_CompressorConfiguration@80503]" name="Verify_DropdownPhase" duration-ms="328" started-at="2019-07-01T20:29:47Z" finished-at="2019-07-01T20:29:47Z">
          <reporter-output>
            <line>
              <![CDATA[The default value of drop down menu is :3]]>
            </line>
            <line>
              <![CDATA[Drop down values are : Select Phase]]>
            </line>
            <line>
              <![CDATA[Drop down values are : 1]]>
            </line>
            <line>
              <![CDATA[Drop down values are : 2]]>
            </line>
            <line>
              <![CDATA[Drop down values are : 3]]>
            </line>
          </reporter-output>
        </test-method> <!-- Verify_DropdownPhase -->
        <test-method status="PASS" signature="teardown(org.testng.ITestResult)[pri:0, instance:com.ImapTesting.testcases.TC_CompressorConfiguration@80503]" name="teardown" is-config="true" duration-ms="52" started-at="2019-07-01T20:29:47Z" finished-at="2019-07-01T20:29:47Z">
          <params>
            <param index="0">
              <value>
                <![CDATA[[TestResult name=Verify_DropdownPhase status=SUCCESS method=TC_CompressorConfiguration.Verify_DropdownPhase()[pri:18, instance:com.ImapTesting.testcases.TC_CompressorConfiguration@80503] output=The default value of drop down menu is :3]]]>
              </value>
            </param>
          </params>
          <reporter-output>
          </reporter-output>
        </test-method> <!-- teardown -->
        <test-method status="PASS" signature="Verify_DropdownRefrigerant()[pri:19, instance:com.ImapTesting.testcases.TC_CompressorConfiguration@80503]" name="Verify_DropdownRefrigerant" duration-ms="830" started-at="2019-07-01T20:29:47Z" finished-at="2019-07-01T20:29:48Z">
          <reporter-output>
            <line>
              <![CDATA[The default value of drop down menu is :ammonia]]>
            </line>
            <line>
              <![CDATA[Drop down values are : Select Refrigerant]]>
            </line>
            <line>
              <![CDATA[Drop down values are : ammonia]]>
            </line>
            <line>
              <![CDATA[Drop down values are : carbondioxide]]>
            </line>
            <line>
              <![CDATA[Drop down values are : helium]]>
            </line>
            <line>
              <![CDATA[Drop down values are : propane]]>
            </line>
            <line>
              <![CDATA[Drop down values are : R12]]>
            </line>
            <line>
              <![CDATA[Drop down values are : R1234yf]]>
            </line>
            <line>
              <![CDATA[Drop down values are : R1234ze]]>
            </line>
            <line>
              <![CDATA[Drop down values are : R134a]]>
            </line>
            <line>
              <![CDATA[Drop down values are : R22]]>
            </line>
            <line>
              <![CDATA[Drop down values are : R22/R407C]]>
            </line>
            <line>
              <![CDATA[Drop down values are : R290]]>
            </line>
            <line>
              <![CDATA[Drop down values are : R32]]>
            </line>
            <line>
              <![CDATA[Drop down values are : R404A]]>
            </line>
            <line>
              <![CDATA[Drop down values are : R407A]]>
            </line>
            <line>
              <![CDATA[Drop down values are : R407C]]>
            </line>
            <line>
              <![CDATA[Drop down values are : R407F]]>
            </line>
            <line>
              <![CDATA[Drop down values are : R410A]]>
            </line>
            <line>
              <![CDATA[Drop down values are : R448A]]>
            </line>
            <line>
              <![CDATA[Drop down values are : R449A]]>
            </line>
            <line>
              <![CDATA[Drop down values are : R450A]]>
            </line>
            <line>
              <![CDATA[Drop down values are : R452B]]>
            </line>
            <line>
              <![CDATA[Drop down values are : R454B]]>
            </line>
            <line>
              <![CDATA[Drop down values are : R466A]]>
            </line>
            <line>
              <![CDATA[Drop down values are : R502]]>
            </line>
            <line>
              <![CDATA[Drop down values are : R507]]>
            </line>
            <line>
              <![CDATA[Drop down values are : R507A]]>
            </line>
            <line>
              <![CDATA[Drop down values are : R513A]]>
            </line>
            <line>
              <![CDATA[Drop down values are : R704]]>
            </line>
            <line>
              <![CDATA[Drop down values are : R717]]>
            </line>
            <line>
              <![CDATA[Drop down values are : R744]]>
            </line>
            <line>
              <![CDATA[Drop down values are : water]]>
            </line>
          </reporter-output>
        </test-method> <!-- Verify_DropdownRefrigerant -->
        <test-method status="PASS" signature="teardown(org.testng.ITestResult)[pri:0, instance:com.ImapTesting.testcases.TC_CompressorConfiguration@80503]" name="teardown" is-config="true" duration-ms="50" started-at="2019-07-01T20:29:48Z" finished-at="2019-07-01T20:29:48Z">
          <params>
            <param index="0">
              <value>
                <![CDATA[[TestResult name=Verify_DropdownRefrigerant status=SUCCESS method=TC_CompressorConfiguration.Verify_DropdownRefrigerant()[pri:19, instance:com.ImapTesting.testcases.TC_CompressorConfiguration@80503] output=The default value of drop down menu is :ammonia]]]>
              </value>
            </param>
          </params>
          <reporter-output>
          </reporter-output>
        </test-method> <!-- teardown -->
        <test-method status="PASS" signature="Verify_LblVoltage()[pri:20, instance:com.ImapTesting.testcases.TC_CompressorConfiguration@80503]" name="Verify_LblVoltage" duration-ms="2647" started-at="2019-07-01T20:29:48Z" finished-at="2019-07-01T20:29:51Z">
          <reporter-output>
            <line>
              <![CDATA[The value of the field is  :VAC]]>
            </line>
          </reporter-output>
        </test-method> <!-- Verify_LblVoltage -->
        <test-method status="PASS" signature="teardown(org.testng.ITestResult)[pri:0, instance:com.ImapTesting.testcases.TC_CompressorConfiguration@80503]" name="teardown" is-config="true" duration-ms="94" started-at="2019-07-01T20:29:51Z" finished-at="2019-07-01T20:29:51Z">
          <params>
            <param index="0">
              <value>
                <![CDATA[[TestResult name=Verify_LblVoltage status=SUCCESS method=TC_CompressorConfiguration.Verify_LblVoltage()[pri:20, instance:com.ImapTesting.testcases.TC_CompressorConfiguration@80503] output=The value of the field is  :VAC]]]>
              </value>
            </param>
          </params>
          <reporter-output>
          </reporter-output>
        </test-method> <!-- teardown -->
        <test-method status="PASS" signature="Verify_SatSucTemp()[pri:21, instance:com.ImapTesting.testcases.TC_CompressorConfiguration@80503]" name="Verify_SatSucTemp" duration-ms="82" started-at="2019-07-01T20:29:51Z" depends-on-methods="com.ImapTesting.testcases.TC_CompressorConfiguration.Verify_LblVoltage" finished-at="2019-07-01T20:29:51Z">
          <reporter-output>
            <line>
              <![CDATA[The Default value of field is :50]]>
            </line>
          </reporter-output>
        </test-method> <!-- Verify_SatSucTemp -->
        <test-method status="PASS" signature="teardown(org.testng.ITestResult)[pri:0, instance:com.ImapTesting.testcases.TC_CompressorConfiguration@80503]" name="teardown" is-config="true" duration-ms="90" started-at="2019-07-01T20:29:51Z" finished-at="2019-07-01T20:29:51Z">
          <params>
            <param index="0">
              <value>
                <![CDATA[[TestResult name=Verify_SatSucTemp status=SUCCESS method=TC_CompressorConfiguration.Verify_SatSucTemp()[pri:21, instance:com.ImapTesting.testcases.TC_CompressorConfiguration@80503] output=The Default value of field is :50]]]>
              </value>
            </param>
          </params>
          <reporter-output>
          </reporter-output>
        </test-method> <!-- teardown -->
        <test-method status="PASS" signature="Verify_SatDisTemp()[pri:22, instance:com.ImapTesting.testcases.TC_CompressorConfiguration@80503]" name="Verify_SatDisTemp" duration-ms="58" started-at="2019-07-01T20:29:51Z" depends-on-methods="com.ImapTesting.testcases.TC_CompressorConfiguration.Verify_LblVoltage" finished-at="2019-07-01T20:29:51Z">
          <reporter-output>
          </reporter-output>
        </test-method> <!-- Verify_SatDisTemp -->
        <test-method status="PASS" signature="teardown(org.testng.ITestResult)[pri:0, instance:com.ImapTesting.testcases.TC_CompressorConfiguration@80503]" name="teardown" is-config="true" duration-ms="93" started-at="2019-07-01T20:29:51Z" finished-at="2019-07-01T20:29:51Z">
          <params>
            <param index="0">
              <value>
                <![CDATA[[TestResult name=Verify_SatDisTemp status=SUCCESS method=TC_CompressorConfiguration.Verify_SatDisTemp()[pri:22, instance:com.ImapTesting.testcases.TC_CompressorConfiguration@80503] output={null}]]]>
              </value>
            </param>
          </params>
          <reporter-output>
          </reporter-output>
        </test-method> <!-- teardown -->
        <test-method status="PASS" signature="Verify_LiqLineSubCool()[pri:23, instance:com.ImapTesting.testcases.TC_CompressorConfiguration@80503]" name="Verify_LiqLineSubCool" duration-ms="52" started-at="2019-07-01T20:29:51Z" depends-on-methods="com.ImapTesting.testcases.TC_CompressorConfiguration.Verify_LblVoltage" finished-at="2019-07-01T20:29:51Z">
          <reporter-output>
          </reporter-output>
        </test-method> <!-- Verify_LiqLineSubCool -->
        <test-method status="PASS" signature="teardown(org.testng.ITestResult)[pri:0, instance:com.ImapTesting.testcases.TC_CompressorConfiguration@80503]" name="teardown" is-config="true" duration-ms="163" started-at="2019-07-01T20:29:51Z" finished-at="2019-07-01T20:29:51Z">
          <params>
            <param index="0">
              <value>
                <![CDATA[[TestResult name=Verify_LiqLineSubCool status=SUCCESS method=TC_CompressorConfiguration.Verify_LiqLineSubCool()[pri:23, instance:com.ImapTesting.testcases.TC_CompressorConfiguration@80503] output={null}]]]>
              </value>
            </param>
          </params>
          <reporter-output>
          </reporter-output>
        </test-method> <!-- teardown -->
        <test-method status="PASS" signature="Verify_SucLineSubCool()[pri:24, instance:com.ImapTesting.testcases.TC_CompressorConfiguration@80503]" name="Verify_SucLineSubCool" duration-ms="77" started-at="2019-07-01T20:29:51Z" depends-on-methods="com.ImapTesting.testcases.TC_CompressorConfiguration.Verify_LblVoltage" finished-at="2019-07-01T20:29:51Z">
          <reporter-output>
          </reporter-output>
        </test-method> <!-- Verify_SucLineSubCool -->
        <test-method status="PASS" signature="teardown(org.testng.ITestResult)[pri:0, instance:com.ImapTesting.testcases.TC_CompressorConfiguration@80503]" name="teardown" is-config="true" duration-ms="85" started-at="2019-07-01T20:29:51Z" finished-at="2019-07-01T20:29:51Z">
          <params>
            <param index="0">
              <value>
                <![CDATA[[TestResult name=Verify_SucLineSubCool status=SUCCESS method=TC_CompressorConfiguration.Verify_SucLineSubCool()[pri:24, instance:com.ImapTesting.testcases.TC_CompressorConfiguration@80503] output={null}]]]>
              </value>
            </param>
          </params>
          <reporter-output>
          </reporter-output>
        </test-method> <!-- teardown -->
        <test-method status="PASS" signature="Verify_ExpectedPhaseValue()[pri:25, instance:com.ImapTesting.testcases.TC_CompressorConfiguration@80503]" name="Verify_ExpectedPhaseValue" duration-ms="153" started-at="2019-07-01T20:29:51Z" finished-at="2019-07-01T20:29:52Z">
          <reporter-output>
          </reporter-output>
        </test-method> <!-- Verify_ExpectedPhaseValue -->
        <test-method status="PASS" signature="teardown(org.testng.ITestResult)[pri:0, instance:com.ImapTesting.testcases.TC_CompressorConfiguration@80503]" name="teardown" is-config="true" duration-ms="40" started-at="2019-07-01T20:29:52Z" finished-at="2019-07-01T20:29:52Z">
          <params>
            <param index="0">
              <value>
                <![CDATA[[TestResult name=Verify_ExpectedPhaseValue status=SUCCESS method=TC_CompressorConfiguration.Verify_ExpectedPhaseValue()[pri:25, instance:com.ImapTesting.testcases.TC_CompressorConfiguration@80503] output={null}]]]>
              </value>
            </param>
          </params>
          <reporter-output>
          </reporter-output>
        </test-method> <!-- teardown -->
        <test-method status="PASS" signature="Verify_CompressorTypeDropValue()[pri:26, instance:com.ImapTesting.testcases.TC_CompressorConfiguration@80503]" name="Verify_CompressorTypeDropValue" duration-ms="172" started-at="2019-07-01T20:29:52Z" finished-at="2019-07-01T20:29:52Z">
          <reporter-output>
          </reporter-output>
        </test-method> <!-- Verify_CompressorTypeDropValue -->
        <test-method status="PASS" signature="teardown(org.testng.ITestResult)[pri:0, instance:com.ImapTesting.testcases.TC_CompressorConfiguration@80503]" name="teardown" is-config="true" duration-ms="50" started-at="2019-07-01T20:29:52Z" finished-at="2019-07-01T20:29:52Z">
          <params>
            <param index="0">
              <value>
                <![CDATA[[TestResult name=Verify_CompressorTypeDropValue status=SUCCESS method=TC_CompressorConfiguration.Verify_CompressorTypeDropValue()[pri:26, instance:com.ImapTesting.testcases.TC_CompressorConfiguration@80503] output={null}]]]>
              </value>
            </param>
          </params>
          <reporter-output>
          </reporter-output>
        </test-method> <!-- teardown -->
        <test-method status="PASS" signature="Verify_DefaultCompressorTypeDropValue()[pri:27, instance:com.ImapTesting.testcases.TC_CompressorConfiguration@80503]" name="Verify_DefaultCompressorTypeDropValue" duration-ms="128" started-at="2019-07-01T20:29:52Z" finished-at="2019-07-01T20:29:52Z">
          <reporter-output>
            <line>
              <![CDATA[The default value of drop down menu is :Fixed Speed]]>
            </line>
          </reporter-output>
        </test-method> <!-- Verify_DefaultCompressorTypeDropValue -->
        <test-method status="PASS" signature="teardown(org.testng.ITestResult)[pri:0, instance:com.ImapTesting.testcases.TC_CompressorConfiguration@80503]" name="teardown" is-config="true" duration-ms="56" started-at="2019-07-01T20:29:52Z" finished-at="2019-07-01T20:29:52Z">
          <params>
            <param index="0">
              <value>
                <![CDATA[[TestResult name=Verify_DefaultCompressorTypeDropValue status=SUCCESS method=TC_CompressorConfiguration.Verify_DefaultCompressorTypeDropValue()[pri:27, instance:com.ImapTesting.testcases.TC_CompressorConfiguration@80503] output=The default value of drop down menu is :Fixed Speed]]]>
              </value>
            </param>
          </params>
          <reporter-output>
          </reporter-output>
        </test-method> <!-- teardown -->
        <test-method status="PASS" signature="Verify_ListCompressorTypeDropValue()[pri:28, instance:com.ImapTesting.testcases.TC_CompressorConfiguration@80503]" name="Verify_ListCompressorTypeDropValue" duration-ms="132" started-at="2019-07-01T20:29:52Z" finished-at="2019-07-01T20:29:52Z">
          <reporter-output>
            <line>
              <![CDATA[Drop down values are : Fixed Speed]]>
            </line>
            <line>
              <![CDATA[Drop down values are : Variable Speed 10 Coefficients]]>
            </line>
            <line>
              <![CDATA[Drop down values are : Variable Speed 20 Coefficients]]>
            </line>
            <line>
              <![CDATA[Drop down values are : Variable Capacity]]>
            </line>
          </reporter-output>
        </test-method> <!-- Verify_ListCompressorTypeDropValue -->
        <test-method status="PASS" signature="teardown(org.testng.ITestResult)[pri:0, instance:com.ImapTesting.testcases.TC_CompressorConfiguration@80503]" name="teardown" is-config="true" duration-ms="45" started-at="2019-07-01T20:29:52Z" finished-at="2019-07-01T20:29:52Z">
          <params>
            <param index="0">
              <value>
                <![CDATA[[TestResult name=Verify_ListCompressorTypeDropValue status=SUCCESS method=TC_CompressorConfiguration.Verify_ListCompressorTypeDropValue()[pri:28, instance:com.ImapTesting.testcases.TC_CompressorConfiguration@80503] output=Drop down values are : Fixed Speed]]]>
              </value>
            </param>
          </params>
          <reporter-output>
          </reporter-output>
        </test-method> <!-- teardown -->
        <test-method status="PASS" signature="Verify_ExpCompressorTypeDropValue()[pri:29, instance:com.ImapTesting.testcases.TC_CompressorConfiguration@80503]" name="Verify_ExpCompressorTypeDropValue" duration-ms="127" started-at="2019-07-01T20:29:52Z" finished-at="2019-07-01T20:29:52Z">
          <reporter-output>
          </reporter-output>
        </test-method> <!-- Verify_ExpCompressorTypeDropValue -->
        <test-method status="PASS" signature="teardown(org.testng.ITestResult)[pri:0, instance:com.ImapTesting.testcases.TC_CompressorConfiguration@80503]" name="teardown" is-config="true" duration-ms="37" started-at="2019-07-01T20:29:52Z" finished-at="2019-07-01T20:29:52Z">
          <params>
            <param index="0">
              <value>
                <![CDATA[[TestResult name=Verify_ExpCompressorTypeDropValue status=SUCCESS method=TC_CompressorConfiguration.Verify_ExpCompressorTypeDropValue()[pri:29, instance:com.ImapTesting.testcases.TC_CompressorConfiguration@80503] output={null}]]]>
              </value>
            </param>
          </params>
          <reporter-output>
          </reporter-output>
        </test-method> <!-- teardown -->
        <test-method status="PASS" signature="Verify_DefaultCost()[pri:30, instance:com.ImapTesting.testcases.TC_CompressorConfiguration@80503]" name="Verify_DefaultCost" duration-ms="30" started-at="2019-07-01T20:29:52Z" finished-at="2019-07-01T20:29:52Z">
          <reporter-output>
            <line>
              <![CDATA[The Default value of field is :0]]>
            </line>
          </reporter-output>
        </test-method> <!-- Verify_DefaultCost -->
        <test-method status="PASS" signature="teardown(org.testng.ITestResult)[pri:0, instance:com.ImapTesting.testcases.TC_CompressorConfiguration@80503]" name="teardown" is-config="true" duration-ms="52" started-at="2019-07-01T20:29:52Z" finished-at="2019-07-01T20:29:52Z">
          <params>
            <param index="0">
              <value>
                <![CDATA[[TestResult name=Verify_DefaultCost status=SUCCESS method=TC_CompressorConfiguration.Verify_DefaultCost()[pri:30, instance:com.ImapTesting.testcases.TC_CompressorConfiguration@80503] output=The Default value of field is :0]]]>
              </value>
            </param>
          </params>
          <reporter-output>
          </reporter-output>
        </test-method> <!-- teardown -->
        <test-method status="PASS" signature="Verify_LabelCost()[pri:31, instance:com.ImapTesting.testcases.TC_CompressorConfiguration@80503]" name="Verify_LabelCost" duration-ms="43" started-at="2019-07-01T20:29:52Z" finished-at="2019-07-01T20:29:53Z">
          <reporter-output>
            <line>
              <![CDATA[The value of the field is  :$]]>
            </line>
          </reporter-output>
        </test-method> <!-- Verify_LabelCost -->
        <test-method status="PASS" signature="teardown(org.testng.ITestResult)[pri:0, instance:com.ImapTesting.testcases.TC_CompressorConfiguration@80503]" name="teardown" is-config="true" duration-ms="37" started-at="2019-07-01T20:29:53Z" finished-at="2019-07-01T20:29:53Z">
          <params>
            <param index="0">
              <value>
                <![CDATA[[TestResult name=Verify_LabelCost status=SUCCESS method=TC_CompressorConfiguration.Verify_LabelCost()[pri:31, instance:com.ImapTesting.testcases.TC_CompressorConfiguration@80503] output=The value of the field is  :$]]]>
              </value>
            </param>
          </params>
          <reporter-output>
          </reporter-output>
        </test-method> <!-- teardown -->
        <test-method status="PASS" signature="Verify_DefaultFrequency()[pri:32, instance:com.ImapTesting.testcases.TC_CompressorConfiguration@80503]" name="Verify_DefaultFrequency" duration-ms="27" started-at="2019-07-01T20:29:53Z" finished-at="2019-07-01T20:29:53Z">
          <reporter-output>
            <line>
              <![CDATA[The Default value of field is :60]]>
            </line>
          </reporter-output>
        </test-method> <!-- Verify_DefaultFrequency -->
        <test-method status="PASS" signature="teardown(org.testng.ITestResult)[pri:0, instance:com.ImapTesting.testcases.TC_CompressorConfiguration@80503]" name="teardown" is-config="true" duration-ms="48" started-at="2019-07-01T20:29:53Z" finished-at="2019-07-01T20:29:53Z">
          <params>
            <param index="0">
              <value>
                <![CDATA[[TestResult name=Verify_DefaultFrequency status=SUCCESS method=TC_CompressorConfiguration.Verify_DefaultFrequency()[pri:32, instance:com.ImapTesting.testcases.TC_CompressorConfiguration@80503] output=The Default value of field is :60]]]>
              </value>
            </param>
          </params>
          <reporter-output>
          </reporter-output>
        </test-method> <!-- teardown -->
        <test-method status="PASS" signature="Verify_LabelFrequency()[pri:33, instance:com.ImapTesting.testcases.TC_CompressorConfiguration@80503]" name="Verify_LabelFrequency" duration-ms="40" started-at="2019-07-01T20:29:53Z" finished-at="2019-07-01T20:29:53Z">
          <reporter-output>
            <line>
              <![CDATA[The value of the field is  :Hz]]>
            </line>
          </reporter-output>
        </test-method> <!-- Verify_LabelFrequency -->
        <test-method status="PASS" signature="teardown(org.testng.ITestResult)[pri:0, instance:com.ImapTesting.testcases.TC_CompressorConfiguration@80503]" name="teardown" is-config="true" duration-ms="40" started-at="2019-07-01T20:29:53Z" finished-at="2019-07-01T20:29:53Z">
          <params>
            <param index="0">
              <value>
                <![CDATA[[TestResult name=Verify_LabelFrequency status=SUCCESS method=TC_CompressorConfiguration.Verify_LabelFrequency()[pri:33, instance:com.ImapTesting.testcases.TC_CompressorConfiguration@80503] output=The value of the field is  :Hz]]]>
              </value>
            </param>
          </params>
          <reporter-output>
          </reporter-output>
        </test-method> <!-- teardown -->
        <test-method status="PASS" signature="Verify_Units_UserSpecifiedParameters()[pri:34, instance:com.ImapTesting.testcases.TC_CompressorConfiguration@80503]" name="Verify_Units_UserSpecifiedParameters" duration-ms="152" started-at="2019-07-01T20:29:53Z" finished-at="2019-07-01T20:29:53Z">
          <reporter-output>
          </reporter-output>
        </test-method> <!-- Verify_Units_UserSpecifiedParameters -->
        <test-method status="PASS" signature="teardown(org.testng.ITestResult)[pri:0, instance:com.ImapTesting.testcases.TC_CompressorConfiguration@80503]" name="teardown" is-config="true" duration-ms="37" started-at="2019-07-01T20:29:53Z" finished-at="2019-07-01T20:29:53Z">
          <params>
            <param index="0">
              <value>
                <![CDATA[[TestResult name=Verify_Units_UserSpecifiedParameters status=SUCCESS method=TC_CompressorConfiguration.Verify_Units_UserSpecifiedParameters()[pri:34, instance:com.ImapTesting.testcases.TC_CompressorConfiguration@80503] output={null}]]]>
              </value>
            </param>
          </params>
          <reporter-output>
          </reporter-output>
        </test-method> <!-- teardown -->
        <test-method status="PASS" signature="teardown(org.testng.ITestResult)[pri:0, instance:com.ImapTesting.testcases.TC_CompressorConfiguration@80503]" name="teardown" is-config="true" duration-ms="50" started-at="2019-07-01T20:29:53Z" finished-at="2019-07-01T20:29:53Z">
          <params>
            <param index="0">
              <value>
                <![CDATA[[TestResult name=Verify_UnitIP status=SUCCESS method=TC_CompressorConfiguration.Verify_UnitIP()[pri:35, instance:com.ImapTesting.testcases.TC_CompressorConfiguration@80503] output={null}]]]>
              </value>
            </param>
          </params>
          <reporter-output>
          </reporter-output>
        </test-method> <!-- teardown -->
        <test-method status="PASS" signature="Verify_UnitIP()[pri:35, instance:com.ImapTesting.testcases.TC_CompressorConfiguration@80503]" name="Verify_UnitIP" duration-ms="0" started-at="2019-07-01T20:29:53Z" finished-at="2019-07-01T20:29:53Z">
          <reporter-output>
          </reporter-output>
        </test-method> <!-- Verify_UnitIP -->
        <test-method status="PASS" signature="Verify_CoefficientUnitIP_FixedSpeedCompressor()[pri:36, instance:com.ImapTesting.testcases.TC_CompressorConfiguration@80503]" name="Verify_CoefficientUnitIP_FixedSpeedCompressor" duration-ms="256" started-at="2019-07-01T20:29:53Z" finished-at="2019-07-01T20:29:53Z">
          <reporter-output>
          </reporter-output>
        </test-method> <!-- Verify_CoefficientUnitIP_FixedSpeedCompressor -->
        <test-method status="PASS" signature="teardown(org.testng.ITestResult)[pri:0, instance:com.ImapTesting.testcases.TC_CompressorConfiguration@80503]" name="teardown" is-config="true" duration-ms="47" started-at="2019-07-01T20:29:53Z" finished-at="2019-07-01T20:29:53Z">
          <params>
            <param index="0">
              <value>
                <![CDATA[[TestResult name=Verify_CoefficientUnitIP_FixedSpeedCompressor status=SUCCESS method=TC_CompressorConfiguration.Verify_CoefficientUnitIP_FixedSpeedCompressor()[pri:36, instance:com.ImapTesting.testcases.TC_CompressorConfiguration@80503] output={null}]]]>
              </value>
            </param>
          </params>
          <reporter-output>
          </reporter-output>
        </test-method> <!-- teardown -->
        <test-method status="PASS" signature="Verify_UnitSI()[pri:37, instance:com.ImapTesting.testcases.TC_CompressorConfiguration@80503]" name="Verify_UnitSI" duration-ms="38" started-at="2019-07-01T20:29:53Z" finished-at="2019-07-01T20:29:53Z">
          <reporter-output>
          </reporter-output>
        </test-method> <!-- Verify_UnitSI -->
        <test-method status="PASS" signature="teardown(org.testng.ITestResult)[pri:0, instance:com.ImapTesting.testcases.TC_CompressorConfiguration@80503]" name="teardown" is-config="true" duration-ms="40" started-at="2019-07-01T20:29:53Z" finished-at="2019-07-01T20:29:53Z">
          <params>
            <param index="0">
              <value>
                <![CDATA[[TestResult name=Verify_UnitSI status=SUCCESS method=TC_CompressorConfiguration.Verify_UnitSI()[pri:37, instance:com.ImapTesting.testcases.TC_CompressorConfiguration@80503] output={null}]]]>
              </value>
            </param>
          </params>
          <reporter-output>
          </reporter-output>
        </test-method> <!-- teardown -->
        <test-method status="PASS" signature="Verify_CoefficientUnitSI_FixedSpeedCompressor()[pri:37, instance:com.ImapTesting.testcases.TC_CompressorConfiguration@80503]" name="Verify_CoefficientUnitSI_FixedSpeedCompressor" duration-ms="340" started-at="2019-07-01T20:29:53Z" finished-at="2019-07-01T20:29:54Z">
          <reporter-output>
          </reporter-output>
        </test-method> <!-- Verify_CoefficientUnitSI_FixedSpeedCompressor -->
        <test-method status="PASS" signature="teardown(org.testng.ITestResult)[pri:0, instance:com.ImapTesting.testcases.TC_CompressorConfiguration@80503]" name="teardown" is-config="true" duration-ms="43" started-at="2019-07-01T20:29:54Z" finished-at="2019-07-01T20:29:54Z">
          <params>
            <param index="0">
              <value>
                <![CDATA[[TestResult name=Verify_CoefficientUnitSI_FixedSpeedCompressor status=SUCCESS method=TC_CompressorConfiguration.Verify_CoefficientUnitSI_FixedSpeedCompressor()[pri:37, instance:com.ImapTesting.testcases.TC_CompressorConfiguration@80503] output={null}]]]>
              </value>
            </param>
          </params>
          <reporter-output>
          </reporter-output>
        </test-method> <!-- teardown -->
        <test-method status="PASS" signature="Verify_Usersetting_SI()[pri:38, instance:com.ImapTesting.testcases.TC_CompressorConfiguration@80503]" name="Verify_Usersetting_SI" duration-ms="765" started-at="2019-07-01T20:29:54Z" finished-at="2019-07-01T20:29:54Z">
          <reporter-output>
          </reporter-output>
        </test-method> <!-- Verify_Usersetting_SI -->
        <test-method status="PASS" signature="teardown(org.testng.ITestResult)[pri:0, instance:com.ImapTesting.testcases.TC_CompressorConfiguration@80503]" name="teardown" is-config="true" duration-ms="77" started-at="2019-07-01T20:29:54Z" finished-at="2019-07-01T20:29:55Z">
          <params>
            <param index="0">
              <value>
                <![CDATA[[TestResult name=Verify_Usersetting_SI status=SUCCESS method=TC_CompressorConfiguration.Verify_Usersetting_SI()[pri:38, instance:com.ImapTesting.testcases.TC_CompressorConfiguration@80503] output={null}]]]>
              </value>
            </param>
          </params>
          <reporter-output>
          </reporter-output>
        </test-method> <!-- teardown -->
        <test-method status="FAIL" signature="Verify_Userspecifiedparameterfields_SI()[pri:39, instance:com.ImapTesting.testcases.TC_CompressorConfiguration@80503]" name="Verify_Userspecifiedparameterfields_SI" duration-ms="58" started-at="2019-07-01T20:29:55Z" depends-on-methods="com.ImapTesting.testcases.TC_CompressorConfiguration.Verify_Usersetting_SI" finished-at="2019-07-01T20:29:55Z">
          <exception class="java.lang.AssertionError">
            <message>
              <![CDATA[expected [10] but found [50]]]>
            </message>
            <full-stacktrace>
              <![CDATA[java.lang.AssertionError: expected [10] but found [50]
at org.testng.Assert.fail(Assert.java:96)
at org.testng.Assert.failNotEquals(Assert.java:776)
at org.testng.Assert.assertEqualsImpl(Assert.java:137)
at org.testng.Assert.assertEquals(Assert.java:118)
at org.testng.Assert.assertEquals(Assert.java:453)
at org.testng.Assert.assertEquals(Assert.java:463)
at com.ImapTesting.testcases.TC_CompressorConfiguration.Verify_Userspecifiedparameterfields_SI(TC_CompressorConfiguration.java:480)
at sun.reflect.NativeMethodAccessorImpl.invoke0(Native Method)
at sun.reflect.NativeMethodAccessorImpl.invoke(Unknown Source)
at sun.reflect.DelegatingMethodAccessorImpl.invoke(Unknown Source)
at java.lang.reflect.Method.invoke(Unknown Source)
at org.testng.internal.MethodInvocationHelper.invokeMethod(MethodInvocationHelper.java:124)
at org.testng.internal.Invoker.invokeMethod(Invoker.java:580)
at org.testng.internal.Invoker.invokeTestMethod(Invoker.java:716)
at org.testng.internal.Invoker.invokeTestMethods(Invoker.java:988)
at org.testng.internal.TestMethodWorker.invokeTestMethods(TestMethodWorker.java:125)
at org.testng.internal.TestMethodWorker.run(TestMethodWorker.java:109)
at org.testng.TestRunner.privateRun(TestRunner.java:648)
at org.testng.TestRunner.run(TestRunner.java:505)
at org.testng.SuiteRunner.runTest(SuiteRunner.java:455)
at org.testng.SuiteRunner.runSequentially(SuiteRunner.java:450)
at org.testng.SuiteRunner.privateRun(SuiteRunner.java:415)
at org.testng.SuiteRunner.run(SuiteRunner.java:364)
at org.testng.SuiteRunnerWorker.runSuite(SuiteRunnerWorker.java:52)
at org.testng.SuiteRunnerWorker.run(SuiteRunnerWorker.java:84)
at org.testng.TestNG.runSuitesSequentially(TestNG.java:1208)
at org.testng.TestNG.runSuitesLocally(TestNG.java:1137)
at org.testng.TestNG.runSuites(TestNG.java:1049)
at org.testng.TestNG.run(TestNG.java:1017)
at org.testng.remote.AbstractRemoteTestNG.run(AbstractRemoteTestNG.java:114)
at org.testng.remote.RemoteTestNG.initAndRun(RemoteTestNG.java:251)
at org.testng.remote.RemoteTestNG.main(RemoteTestNG.java:77)
]]>
            </full-stacktrace>
          </exception> <!-- java.lang.AssertionError -->
          <reporter-output>
            <line>
              <![CDATA[The Default value of field is :50]]>
            </line>
          </reporter-output>
        </test-method> <!-- Verify_Userspecifiedparameterfields_SI -->
        <test-method status="PASS" signature="teardown(org.testng.ITestResult)[pri:0, instance:com.ImapTesting.testcases.TC_CompressorConfiguration@80503]" name="teardown" is-config="true" duration-ms="690" started-at="2019-07-01T20:29:55Z" finished-at="2019-07-01T20:29:55Z">
          <params>
            <param index="0">
              <value>
                <![CDATA[[TestResult name=Verify_Userspecifiedparameterfields_SI status=FAILURE method=TC_CompressorConfiguration.Verify_Userspecifiedparameterfields_SI()[pri:39, instance:com.ImapTesting.testcases.TC_CompressorConfiguration@80503] output=The Default value of field is :50]]]>
              </value>
            </param>
          </params>
          <reporter-output>
          </reporter-output>
        </test-method> <!-- teardown -->
        <test-method status="PASS" signature="VerifyVoltage_SI()[pri:40, instance:com.ImapTesting.testcases.TC_CompressorConfiguration@80503]" name="VerifyVoltage_SI" duration-ms="32" started-at="2019-07-01T20:29:55Z" finished-at="2019-07-01T20:29:55Z">
          <reporter-output>
            <line>
              <![CDATA[The Default value of field is :230]]>
            </line>
          </reporter-output>
        </test-method> <!-- VerifyVoltage_SI -->
        <test-method status="PASS" signature="teardown(org.testng.ITestResult)[pri:0, instance:com.ImapTesting.testcases.TC_CompressorConfiguration@80503]" name="teardown" is-config="true" duration-ms="40" started-at="2019-07-01T20:29:55Z" finished-at="2019-07-01T20:29:55Z">
          <params>
            <param index="0">
              <value>
                <![CDATA[[TestResult name=VerifyVoltage_SI status=SUCCESS method=TC_CompressorConfiguration.VerifyVoltage_SI()[pri:40, instance:com.ImapTesting.testcases.TC_CompressorConfiguration@80503] output=The Default value of field is :230]]]>
              </value>
            </param>
          </params>
          <reporter-output>
          </reporter-output>
        </test-method> <!-- teardown -->
        <test-method status="PASS" signature="VerifyCost_SI()[pri:41, instance:com.ImapTesting.testcases.TC_CompressorConfiguration@80503]" name="VerifyCost_SI" duration-ms="50" started-at="2019-07-01T20:29:55Z" finished-at="2019-07-01T20:29:55Z">
          <reporter-output>
            <line>
              <![CDATA[The Default value of field is :0]]>
            </line>
            <line>
              <![CDATA[The value of the field is  :$]]>
            </line>
          </reporter-output>
        </test-method> <!-- VerifyCost_SI -->
        <test-method status="PASS" signature="teardown(org.testng.ITestResult)[pri:0, instance:com.ImapTesting.testcases.TC_CompressorConfiguration@80503]" name="teardown" is-config="true" duration-ms="47" started-at="2019-07-01T20:29:55Z" finished-at="2019-07-01T20:29:55Z">
          <params>
            <param index="0">
              <value>
                <![CDATA[[TestResult name=VerifyCost_SI status=SUCCESS method=TC_CompressorConfiguration.VerifyCost_SI()[pri:41, instance:com.ImapTesting.testcases.TC_CompressorConfiguration@80503] output=The Default value of field is :0]]]>
              </value>
            </param>
          </params>
          <reporter-output>
          </reporter-output>
        </test-method> <!-- teardown -->
        <test-method status="PASS" signature="VerifyFrequency_SI()[pri:42, instance:com.ImapTesting.testcases.TC_CompressorConfiguration@80503]" name="VerifyFrequency_SI" duration-ms="58" started-at="2019-07-01T20:29:55Z" finished-at="2019-07-01T20:29:56Z">
          <reporter-output>
            <line>
              <![CDATA[The Default value of field is :60]]>
            </line>
            <line>
              <![CDATA[The value of the field is  :Hz]]>
            </line>
          </reporter-output>
        </test-method> <!-- VerifyFrequency_SI -->
        <test-method status="PASS" signature="teardown(org.testng.ITestResult)[pri:0, instance:com.ImapTesting.testcases.TC_CompressorConfiguration@80503]" name="teardown" is-config="true" duration-ms="45" started-at="2019-07-01T20:29:56Z" finished-at="2019-07-01T20:29:56Z">
          <params>
            <param index="0">
              <value>
                <![CDATA[[TestResult name=VerifyFrequency_SI status=SUCCESS method=TC_CompressorConfiguration.VerifyFrequency_SI()[pri:42, instance:com.ImapTesting.testcases.TC_CompressorConfiguration@80503] output=The Default value of field is :60]]]>
              </value>
            </param>
          </params>
          <reporter-output>
          </reporter-output>
        </test-method> <!-- teardown -->
        <test-method status="FAIL" signature="VerifyUserSpecifiedParameter_SI()[pri:43, instance:com.ImapTesting.testcases.TC_CompressorConfiguration@80503]" name="VerifyUserSpecifiedParameter_SI" duration-ms="30" started-at="2019-07-01T20:29:56Z" finished-at="2019-07-01T20:29:56Z">
          <exception class="java.lang.AssertionError">
            <message>
              <![CDATA[The units of the user specified parameter are not correct expected [C] but found [F]]]>
            </message>
            <full-stacktrace>
              <![CDATA[java.lang.AssertionError: The units of the user specified parameter are not correct expected [C] but found [F]
at org.testng.Assert.fail(Assert.java:96)
at org.testng.Assert.failNotEquals(Assert.java:776)
at org.testng.Assert.assertEqualsImpl(Assert.java:137)
at org.testng.Assert.assertEquals(Assert.java:118)
at org.testng.Assert.assertEquals(Assert.java:453)
at com.ImapTesting.pages.CompressorConfig_Page.Check_UserSpecifiedParameter_Unit_SI(CompressorConfig_Page.java:410)
at com.ImapTesting.testcases.TC_CompressorConfiguration.VerifyUserSpecifiedParameter_SI(TC_CompressorConfiguration.java:516)
at sun.reflect.NativeMethodAccessorImpl.invoke0(Native Method)
at sun.reflect.NativeMethodAccessorImpl.invoke(Unknown Source)
at sun.reflect.DelegatingMethodAccessorImpl.invoke(Unknown Source)
at java.lang.reflect.Method.invoke(Unknown Source)
at org.testng.internal.MethodInvocationHelper.invokeMethod(MethodInvocationHelper.java:124)
at org.testng.internal.Invoker.invokeMethod(Invoker.java:580)
at org.testng.internal.Invoker.invokeTestMethod(Invoker.java:716)
at org.testng.internal.Invoker.invokeTestMethods(Invoker.java:988)
at org.testng.internal.TestMethodWorker.invokeTestMethods(TestMethodWorker.java:125)
at org.testng.internal.TestMethodWorker.run(TestMethodWorker.java:109)
at org.testng.TestRunner.privateRun(TestRunner.java:648)
at org.testng.TestRunner.run(TestRunner.java:505)
at org.testng.SuiteRunner.runTest(SuiteRunner.java:455)
at org.testng.SuiteRunner.runSequentially(SuiteRunner.java:450)
at org.testng.SuiteRunner.privateRun(SuiteRunner.java:415)
at org.testng.SuiteRunner.run(SuiteRunner.java:364)
at org.testng.SuiteRunnerWorker.runSuite(SuiteRunnerWorker.java:52)
at org.testng.SuiteRunnerWorker.run(SuiteRunnerWorker.java:84)
at org.testng.TestNG.runSuitesSequentially(TestNG.java:1208)
at org.testng.TestNG.runSuitesLocally(TestNG.java:1137)
at org.testng.TestNG.runSuites(TestNG.java:1049)
at org.testng.TestNG.run(TestNG.java:1017)
at org.testng.remote.AbstractRemoteTestNG.run(AbstractRemoteTestNG.java:114)
at org.testng.remote.RemoteTestNG.initAndRun(RemoteTestNG.java:251)
at org.testng.remote.RemoteTestNG.main(RemoteTestNG.java:77)
]]>
            </full-stacktrace>
          </exception> <!-- java.lang.AssertionError -->
          <reporter-output>
          </reporter-output>
        </test-method> <!-- VerifyUserSpecifiedParameter_SI -->
        <test-method status="PASS" signature="teardown(org.testng.ITestResult)[pri:0, instance:com.ImapTesting.testcases.TC_CompressorConfiguration@80503]" name="teardown" is-config="true" duration-ms="490" started-at="2019-07-01T20:29:56Z" finished-at="2019-07-01T20:29:56Z">
          <params>
            <param index="0">
              <value>
                <![CDATA[[TestResult name=VerifyUserSpecifiedParameter_SI status=FAILURE method=TC_CompressorConfiguration.VerifyUserSpecifiedParameter_SI()[pri:43, instance:com.ImapTesting.testcases.TC_CompressorConfiguration@80503] output={null}]]]>
              </value>
            </param>
          </params>
          <reporter-output>
          </reporter-output>
        </test-method> <!-- teardown -->
        <test-method status="PASS" signature="QuitBrowser()[pri:0, instance:com.ImapTesting.testcases.TC_CompressorConfiguration@80503]" name="QuitBrowser" is-config="true" duration-ms="0" started-at="2019-07-01T20:29:56Z" finished-at="2019-07-01T20:29:56Z">
          <reporter-output>
          </reporter-output>
        </test-method> <!-- QuitBrowser -->
      </class> <!-- com.ImapTesting.testcases.TC_CompressorConfiguration -->
    </test> <!-- Default test -->
  </suite> <!-- Default suite -->
</testng-results>
